Log file open, 06/30/19 21:36:55
LogWindows: Failed to load 'aqProf.dll' (GetLastError=126)
LogWindows: File 'aqProf.dll' does not exist
LogWindows: Failed to load 'VtuneApi.dll' (GetLastError=126)
LogWindows: File 'VtuneApi.dll' does not exist
LogWindows: Failed to load 'VtuneApi32e.dll' (GetLastError=126)
LogWindows: File 'VtuneApi32e.dll' does not exist
LogConsoleResponse: Display: Failed to find resolution value strings in scalability ini. Falling back to default.
LogInit: Display: Running engine for game: CabinInTheWoods
LogPakFile: Registered encryption key '00000000000000000000000000000000': 0 pak files mounted, 0 remain pending
LogPlatformFile: Not using cached read wrapper
LogTaskGraph: Started task graph with 5 named threads and 47 total threads with 3 sets of task threads.
LogStats: Stats thread started at 0.597661
LogD3D11RHI: Loaded GFSDK_Aftermath_Lib.x64.dll
LogICUInternationalization: ICU TimeZone Detection - Raw Offset: -3:00, Platform Override: ''
LogPluginManager: Mounting plugin Paper2D
LogPluginManager: Mounting plugin AISupport
LogPluginManager: Mounting plugin LightPropagationVolume
LogPluginManager: Mounting plugin ActorLayerUtilities
LogPluginManager: Mounting plugin AnimationSharing
LogPluginManager: Mounting plugin CLionSourceCodeAccess
LogPluginManager: Mounting plugin CodeLiteSourceCodeAccess
LogPluginManager: Mounting plugin GitSourceControl
LogPluginManager: Mounting plugin KDevelopSourceCodeAccess
LogPluginManager: Mounting plugin NullSourceCodeAccess
LogPluginManager: Mounting plugin PerforceSourceControl
LogPluginManager: Mounting plugin SubversionSourceControl
LogPluginManager: Mounting plugin UObjectPlugin
LogPluginManager: Mounting plugin VisualStudioCodeSourceCodeAccess
LogPluginManager: Mounting plugin VisualStudioSourceCodeAccess
LogPluginManager: Mounting plugin XCodeSourceCodeAccess
LogPluginManager: Mounting plugin AssetManagerEditor
LogPluginManager: Mounting plugin CryptoKeys
LogPluginManager: Mounting plugin DataValidation
LogPluginManager: Mounting plugin FacialAnimation
LogPluginManager: Mounting plugin GameplayTagsEditor
LogPluginManager: Mounting plugin MacGraphicsSwitching
LogPluginManager: Mounting plugin MaterialAnalyzer
LogPluginManager: Mounting plugin MobileLauncherProfileWizard
LogPluginManager: Mounting plugin PluginBrowser
LogPluginManager: Mounting plugin SpeedTreeImporter
LogPluginManager: Mounting plugin DatasmithContent
LogPluginManager: Mounting plugin VariantManagerContent
LogPluginManager: Mounting plugin AlembicImporter
LogPluginManager: Mounting plugin AppleImageUtils
LogPluginManager: Mounting plugin AppleVision
LogPluginManager: Mounting plugin BackChannel
LogPluginManager: Mounting plugin CharacterAI
LogPluginManager: Mounting plugin GeometryCache
LogPluginManager: Mounting plugin HTML5Networking
LogPluginManager: Mounting plugin ProxyLODPlugin
LogPluginManager: Mounting plugin SkeletalReduction
LogPluginManager: Mounting plugin MagicLeap
LogPluginManager: Mounting plugin MagicLeapMedia
LogPluginManager: Mounting plugin AndroidMedia
LogPluginManager: Mounting plugin AvfMedia
LogPluginManager: Mounting plugin ImgMedia
LogPluginManager: Mounting plugin LinearTimecode
LogPluginManager: Mounting plugin MediaCompositing
LogPluginManager: Mounting plugin MediaPlayerEditor
LogPluginManager: Mounting plugin WebMMedia
LogPluginManager: Mounting plugin WmfMedia
LogPluginManager: Mounting plugin TcpMessaging
LogPluginManager: Mounting plugin UdpMessaging
LogPluginManager: Mounting plugin ActorSequence
LogPluginManager: Mounting plugin LevelSequenceEditor
LogPluginManager: Mounting plugin MatineeToLevelSequence
LogPluginManager: Mounting plugin NetcodeUnitTest
LogPluginManager: Mounting plugin NUTUnrealEngine4
LogPluginManager: Mounting plugin OnlineSubsystemGooglePlay
LogPluginManager: Mounting plugin OnlineSubsystemIOS
LogPluginManager: Mounting plugin OnlineSubsystem
LogPluginManager: Mounting plugin OnlineSubsystemNull
LogPluginManager: Mounting plugin OnlineSubsystemUtils
LogPluginManager: Mounting plugin LauncherChunkInstaller
LogPluginManager: Mounting plugin AndroidDeviceProfileSelector
LogPluginManager: Mounting plugin AndroidMoviePlayer
LogPluginManager: Mounting plugin AndroidPermission
LogPluginManager: Mounting plugin AppleMoviePlayer
LogPluginManager: Mounting plugin ArchVisCharacter
LogPluginManager: Mounting plugin AudioCapture
LogPluginManager: Mounting plugin CableComponent
LogPluginManager: Mounting plugin CustomMeshComponent
LogPluginManager: Mounting plugin EditableMesh
LogPluginManager: Mounting plugin ExampleDeviceProfileSelector
LogPluginManager: Mounting plugin Firebase
LogPluginManager: Mounting plugin GoogleCloudMessaging
LogPluginManager: Mounting plugin IOSDeviceProfileSelector
LogPluginManager: Mounting plugin LinuxDeviceProfileSelector
LogPluginManager: Mounting plugin LocationServicesBPLibrary
LogPluginManager: Mounting plugin MobilePatchingUtils
LogPluginManager: Mounting plugin OculusVR
LogPluginManager: Mounting plugin PhysXVehicles
LogPluginManager: Mounting plugin ProceduralMeshComponent
LogPluginManager: Mounting plugin RuntimePhysXCooking
LogPluginManager: Mounting plugin SignificanceManager
LogPluginManager: Mounting plugin SteamVR
LogPluginManager: Mounting plugin WebMMoviePlayer
LogPluginManager: Mounting plugin WindowsMoviePlayer
LogInit: Using libcurl 7.55.1-DEV
LogInit:  - built for x86_64-pc-win32
LogInit:  - supports SSL with OpenSSL/1.1.1
LogInit:  - supports HTTP deflate (compression) using libz 1.2.8
LogInit:  - other features:
LogInit:      CURL_VERSION_SSL
LogInit:      CURL_VERSION_LIBZ
LogInit:      CURL_VERSION_IPV6
LogInit:      CURL_VERSION_ASYNCHDNS
LogInit:      CURL_VERSION_LARGEFILE
LogInit:      CURL_VERSION_IDN
LogInit:  CurlRequestOptions (configurable via config and command line):
LogInit:  - bVerifyPeer = true  - Libcurl will verify peer certificate
LogInit:  - bUseHttpProxy = false  - Libcurl will NOT use HTTP proxy
LogInit:  - bDontReuseConnections = false  - Libcurl will reuse connections
LogInit:  - MaxHostConnections = 16  - Libcurl will limit the number of connections to a host
LogInit:  - LocalHostAddr = Default
LogInit:  - BufferSize = 65536
LogInit: WinSock: version 1.1 (2.2), MaxSocks=32767, MaxUdp=65467
LogInit: Build: ++UE4+Release-4.22-CL-6063286
LogInit: Engine Version: 4.22.1-6063286+++UE4+Release-4.22
LogInit: Compatible Engine Version: 4.22.0-5660361+++UE4+Release-4.22
LogInit: Net CL: 5660361
LogInit: OS: Windows 10 (Release 1803) (), CPU: AMD Ryzen 7 2700 Eight-Core Processor          , GPU: NVIDIA GeForce GTX 1060 6GB
LogInit: Compiled (64-bit): Apr 24 2019 04:36:48
LogInit: Compiled with Visual C++: 19.16.27025.01
LogInit: Build Configuration: Development
LogInit: Branch Name: ++UE4+Release-4.22
LogInit: Command Line:  -EpicPortal -epicusername=Aniluj -epicuserid=ff31ec1e0ecb412c94bda4491a24fd99 -epiclocale=es-ES
LogInit: Base Directory: D:/Programas/UE_4.22/Engine/Binaries/Win64/
LogInit: Installed Engine Build: 1
LogDevObjectVersion: Number of dev versions registered: 23
LogDevObjectVersion:   Dev-Blueprints (B0D832E4-1F89-4F0D-ACCF-7EB736FD4AA2): 10
LogDevObjectVersion:   Dev-Build (E1C64328-A22C-4D53-A36C-8E866417BD8C): 0
LogDevObjectVersion:   Dev-Core (375EC13C-06E4-48FB-B500-84F0262A717E): 3
LogDevObjectVersion:   Dev-Editor (E4B068ED-F494-42E9-A231-DA0B2E46BB41): 30
LogDevObjectVersion:   Dev-Framework (CFFC743F-43B0-4480-9391-14DF171D2073): 35
LogDevObjectVersion:   Dev-Mobile (B02B49B5-BB20-44E9-A304-32B752E40360): 2
LogDevObjectVersion:   Dev-Networking (A4E4105C-59A1-49B5-A7C5-40C4547EDFEE): 0
LogDevObjectVersion:   Dev-Online (39C831C9-5AE6-47DC-9A44-9C173E1C8E7C): 0
LogDevObjectVersion:   Dev-Physics (78F01B33-EBEA-4F98-B9B4-84EACCB95AA2): 0
LogDevObjectVersion:   Dev-Platform (6631380F-2D4D-43E0-8009-CF276956A95A): 0
LogDevObjectVersion:   Dev-Rendering (12F88B9F-8875-4AFC-A67C-D90C383ABD29): 28
LogDevObjectVersion:   Dev-Sequencer (7B5AE74C-D270-4C10-A958-57980B212A5A): 11
LogDevObjectVersion:   Dev-VR (D7296918-1DD6-4BDD-9DE2-64A83CC13884): 2
LogDevObjectVersion:   Dev-LoadTimes (C2A15278-BFE7-4AFE-6C17-90FF531DF755): 1
LogDevObjectVersion:   Private-Geometry (6EACA3D4-40EC-4CC1-B786-8BED09428FC5): 3
LogDevObjectVersion:   Dev-AnimPhys (29E575DD-E0A3-4627-9D10-D276232CDCEA): 17
LogDevObjectVersion:   Dev-Anim (AF43A65D-7FD3-4947-9873-3E8ED9C1BB05): 2
LogDevObjectVersion:   Dev-ReflectionCapture (6B266CEC-1EC7-4B8F-A30B-E4D90942FC07): 1
LogDevObjectVersion:   Dev-Automation (0DF73D61-A23F-47EA-B727-89E90C41499A): 1
LogDevObjectVersion:   FortniteMain (601D1886-AC64-4F84-AA16-D3DE0DEAC7D6): 25
LogDevObjectVersion:   Dev-Enterprise (9DFFBCD6-494F-0158-E221-12823C92A888): 6
LogDevObjectVersion:   Dev-Niagara (F2AED0AC-9AFE-416F-8664-AA7FFA26D6FC): 1
LogDevObjectVersion:   Dev-Destruction (174F1F0B-B4C6-45A5-B13F-2EE8D0FB917D): 2
LogInit: Presizing for max 16777216 objects, including 0 objects not considered by GC, pre-allocating 0 bytes for permanent pool.
LogInit: Object subsystem initialized
LogConfig: Setting CVar [[con.DebugEarlyDefault:1]]
LogConfig: Setting CVar [[r.setres:1280x720]]
[2019.07.01-00.36.56:536][  0]LogConfig: Setting CVar [[r.VSync:0]]
[2019.07.01-00.36.56:536][  0]LogConfig: Setting CVar [[r.RHICmdBypass:0]]
[2019.07.01-00.36.56:536][  0]LogConfig: Applying CVar settings from Section [/Script/Engine.RendererSettings] File [D:/Image Campus/Tercer año/Unreal Engine/UnrealEngine-CabinInTheWoods/CabinInTheWoods/Saved/Config/Windows/Engine.ini]
[2019.07.01-00.36.56:536][  0]LogConfig: Setting CVar [[r.GPUCrashDebugging:0]]
[2019.07.01-00.36.56:536][  0]LogConfig: Applying CVar settings from Section [/Script/Engine.RendererOverrideSettings] File [D:/Image Campus/Tercer año/Unreal Engine/UnrealEngine-CabinInTheWoods/CabinInTheWoods/Saved/Config/Windows/Engine.ini]
[2019.07.01-00.36.56:536][  0]LogConfig: Applying CVar settings from Section [/Script/Engine.StreamingSettings] File [D:/Image Campus/Tercer año/Unreal Engine/UnrealEngine-CabinInTheWoods/CabinInTheWoods/Saved/Config/Windows/Engine.ini]
[2019.07.01-00.36.56:536][  0]LogConfig: Setting CVar [[s.MinBulkDataSizeForAsyncLoading:131072]]
[2019.07.01-00.36.56:536][  0]LogConfig: Setting CVar [[s.AsyncLoadingThreadEnabled:0]]
[2019.07.01-00.36.56:536][  0]LogConfig: Setting CVar [[s.EventDrivenLoaderEnabled:1]]
[2019.07.01-00.36.56:536][  0]LogConfig: Setting CVar [[s.WarnIfTimeLimitExceeded:0]]
[2019.07.01-00.36.56:536][  0]LogConfig: Setting CVar [[s.TimeLimitExceededMultiplier:1.5]]
[2019.07.01-00.36.56:536][  0]LogConfig: Setting CVar [[s.TimeLimitExceededMinTime:0.005]]
[2019.07.01-00.36.56:536][  0]LogConfig: Setting CVar [[s.UseBackgroundLevelStreaming:1]]
[2019.07.01-00.36.56:536][  0]LogConfig: Setting CVar [[s.PriorityAsyncLoadingExtraTime:15.0]]
[2019.07.01-00.36.56:536][  0]LogConfig: Setting CVar [[s.LevelStreamingActorsUpdateTimeLimit:5.0]]
[2019.07.01-00.36.56:536][  0]LogConfig: Setting CVar [[s.PriorityLevelStreamingActorsUpdateExtraTime:5.0]]
[2019.07.01-00.36.56:536][  0]LogConfig: Setting CVar [[s.LevelStreamingComponentsRegistrationGranularity:10]]
[2019.07.01-00.36.56:536][  0]LogConfig: Setting CVar [[s.UnregisterComponentsTimeLimit:1.0]]
[2019.07.01-00.36.56:536][  0]LogConfig: Setting CVar [[s.LevelStreamingComponentsUnregistrationGranularity:5]]
[2019.07.01-00.36.56:537][  0]LogConfig: Applying CVar settings from Section [/Script/Engine.GarbageCollectionSettings] File [D:/Image Campus/Tercer año/Unreal Engine/UnrealEngine-CabinInTheWoods/CabinInTheWoods/Saved/Config/Windows/Engine.ini]
[2019.07.01-00.36.56:537][  0]LogConfig: Setting CVar [[gc.MaxObjectsNotConsideredByGC:1]]
[2019.07.01-00.36.56:537][  0]LogConfig: Setting CVar [[gc.SizeOfPermanentObjectPool:0]]
[2019.07.01-00.36.56:537][  0]LogConfig: Setting CVar [[gc.FlushStreamingOnGC:0]]
[2019.07.01-00.36.56:537][  0]LogConfig: Setting CVar [[gc.NumRetriesBeforeForcingGC:10]]
[2019.07.01-00.36.56:537][  0]LogConfig: Setting CVar [[gc.AllowParallelGC:1]]
[2019.07.01-00.36.56:537][  0]LogConfig: Setting CVar [[gc.TimeBetweenPurgingPendingKillObjects:61.1]]
[2019.07.01-00.36.56:537][  0]LogConfig: Setting CVar [[gc.MaxObjectsInEditor:16777216]]
[2019.07.01-00.36.56:537][  0]LogConfig: Setting CVar [[gc.IncrementalBeginDestroyEnabled:1]]
[2019.07.01-00.36.56:537][  0]LogConfig: Setting CVar [[gc.CreateGCClusters:1]]
[2019.07.01-00.36.56:537][  0]LogConfig: Setting CVar [[gc.MinGCClusterSize:5]]
[2019.07.01-00.36.56:537][  0]LogConfig: Setting CVar [[gc.ActorClusteringEnabled:0]]
[2019.07.01-00.36.56:537][  0]LogConfig: Setting CVar [[gc.BlueprintClusteringEnabled:0]]
[2019.07.01-00.36.56:537][  0]LogConfig: Setting CVar [[gc.UseDisregardForGCOnDedicatedServers:0]]
[2019.07.01-00.36.56:537][  0]LogConfig: Applying CVar settings from Section [/Script/Engine.NetworkSettings] File [D:/Image Campus/Tercer año/Unreal Engine/UnrealEngine-CabinInTheWoods/CabinInTheWoods/Saved/Config/Windows/Engine.ini]
[2019.07.01-00.36.56:537][  0]LogConfig: Applying CVar settings from Section [/Script/UnrealEd.CookerSettings] File [D:/Image Campus/Tercer año/Unreal Engine/UnrealEngine-CabinInTheWoods/CabinInTheWoods/Saved/Config/Windows/Engine.ini]
[2019.07.01-00.36.56:542][  0]LogConfig: Applying CVar settings from Section [ViewDistanceQuality@3] File [D:/Image Campus/Tercer año/Unreal Engine/UnrealEngine-CabinInTheWoods/CabinInTheWoods/Saved/Config/Windows/Scalability.ini]
[2019.07.01-00.36.56:542][  0]LogConfig: Setting CVar [[r.SkeletalMeshLODBias:0]]
[2019.07.01-00.36.56:542][  0]LogConfig: Setting CVar [[r.ViewDistanceScale:1.0]]
[2019.07.01-00.36.56:542][  0]LogConfig: Applying CVar settings from Section [AntiAliasingQuality@3] File [D:/Image Campus/Tercer año/Unreal Engine/UnrealEngine-CabinInTheWoods/CabinInTheWoods/Saved/Config/Windows/Scalability.ini]
[2019.07.01-00.36.56:542][  0]LogConfig: Setting CVar [[r.PostProcessAAQuality:4]]
[2019.07.01-00.36.56:542][  0]LogConfig: Applying CVar settings from Section [ShadowQuality@3] File [D:/Image Campus/Tercer año/Unreal Engine/UnrealEngine-CabinInTheWoods/CabinInTheWoods/Saved/Config/Windows/Scalability.ini]
[2019.07.01-00.36.56:542][  0]LogConfig: Setting CVar [[r.LightFunctionQuality:1]]
[2019.07.01-00.36.56:542][  0]LogConfig: Setting CVar [[r.ShadowQuality:5]]
[2019.07.01-00.36.56:542][  0]LogConfig: Setting CVar [[r.Shadow.CSM.MaxCascades:10]]
[2019.07.01-00.36.56:542][  0]LogConfig: Setting CVar [[r.Shadow.MaxResolution:2048]]
[2019.07.01-00.36.56:542][  0]LogConfig: Setting CVar [[r.Shadow.MaxCSMResolution:2048]]
[2019.07.01-00.36.56:542][  0]LogConfig: Setting CVar [[r.Shadow.RadiusThreshold:0.01]]
[2019.07.01-00.36.56:542][  0]LogConfig: Setting CVar [[r.Shadow.DistanceScale:1.0]]
[2019.07.01-00.36.56:542][  0]LogConfig: Setting CVar [[r.Shadow.CSM.TransitionScale:1.0]]
[2019.07.01-00.36.56:542][  0]LogConfig: Setting CVar [[r.Shadow.PreShadowResolutionFactor:1.0]]
[2019.07.01-00.36.56:542][  0]LogConfig: Setting CVar [[r.DistanceFieldShadowing:1]]
[2019.07.01-00.36.56:542][  0]LogConfig: Setting CVar [[r.DistanceFieldAO:1]]
[2019.07.01-00.36.56:543][  0]LogConfig: Setting CVar [[r.AOQuality:2]]
[2019.07.01-00.36.56:543][  0]LogConfig: Setting CVar [[r.VolumetricFog:1]]
[2019.07.01-00.36.56:543][  0]LogConfig: Setting CVar [[r.VolumetricFog.GridPixelSize:8]]
[2019.07.01-00.36.56:543][  0]LogConfig: Setting CVar [[r.VolumetricFog.GridSizeZ:128]]
[2019.07.01-00.36.56:543][  0]LogConfig: Setting CVar [[r.VolumetricFog.HistoryMissSupersampleCount:4]]
[2019.07.01-00.36.56:543][  0]LogConfig: Setting CVar [[r.LightMaxDrawDistanceScale:1]]
[2019.07.01-00.36.56:543][  0]LogConfig: Setting CVar [[r.CapsuleShadows:1]]
[2019.07.01-00.36.56:543][  0]LogConfig: Applying CVar settings from Section [PostProcessQuality@3] File [D:/Image Campus/Tercer año/Unreal Engine/UnrealEngine-CabinInTheWoods/CabinInTheWoods/Saved/Config/Windows/Scalability.ini]
[2019.07.01-00.36.56:543][  0]LogConfig: Setting CVar [[r.MotionBlurQuality:4]]
[2019.07.01-00.36.56:543][  0]LogConfig: Setting CVar [[r.AmbientOcclusionMipLevelFactor:0.4]]
[2019.07.01-00.36.56:543][  0]LogConfig: Setting CVar [[r.AmbientOcclusionMaxQuality:100]]
[2019.07.01-00.36.56:543][  0]LogConfig: Setting CVar [[r.AmbientOcclusionLevels:-1]]
[2019.07.01-00.36.56:543][  0]LogConfig: Setting CVar [[r.AmbientOcclusionRadiusScale:1.0]]
[2019.07.01-00.36.56:543][  0]LogConfig: Setting CVar [[r.DepthOfFieldQuality:2]]
[2019.07.01-00.36.56:543][  0]LogConfig: Setting CVar [[r.RenderTargetPoolMin:400]]
[2019.07.01-00.36.56:543][  0]LogConfig: Setting CVar [[r.LensFlareQuality:2]]
[2019.07.01-00.36.56:543][  0]LogConfig: Setting CVar [[r.SceneColorFringeQuality:1]]
[2019.07.01-00.36.56:543][  0]LogConfig: Setting CVar [[r.EyeAdaptationQuality:2]]
[2019.07.01-00.36.56:543][  0]LogConfig: Setting CVar [[r.BloomQuality:5]]
[2019.07.01-00.36.56:543][  0]LogConfig: Setting CVar [[r.FastBlurThreshold:100]]
[2019.07.01-00.36.56:543][  0]LogConfig: Setting CVar [[r.Upscale.Quality:3]]
[2019.07.01-00.36.56:543][  0]LogConfig: Setting CVar [[r.Tonemapper.GrainQuantization:1]]
[2019.07.01-00.36.56:543][  0]LogConfig: Setting CVar [[r.LightShaftQuality:1]]
[2019.07.01-00.36.56:543][  0]LogConfig: Setting CVar [[r.Filter.SizeScale:1]]
[2019.07.01-00.36.56:543][  0]LogConfig: Setting CVar [[r.Tonemapper.Quality:5]]
[2019.07.01-00.36.56:543][  0]LogConfig: Setting CVar [[r.DOF.Gather.AccumulatorQuality:1        ; higher gathering accumulator quality]]
[2019.07.01-00.36.56:543][  0]LogConfig: Setting CVar [[r.DOF.Gather.PostfilterMethod:1          ; Median3x3 postfilering method]]
[2019.07.01-00.36.56:543][  0]LogConfig: Setting CVar [[r.DOF.Gather.EnableBokehSettings:0       ; no bokeh simulation when gathering]]
[2019.07.01-00.36.56:543][  0]LogConfig: Setting CVar [[r.DOF.Gather.RingCount:4                 ; medium number of samples when gathering]]
[2019.07.01-00.36.56:544][  0]LogConfig: Setting CVar [[r.DOF.Scatter.ForegroundCompositing:1    ; additive foreground scattering]]
[2019.07.01-00.36.56:544][  0]LogConfig: Setting CVar [[r.DOF.Scatter.BackgroundCompositing:2    ; additive background scattering]]
[2019.07.01-00.36.56:544][  0]LogConfig: Setting CVar [[r.DOF.Scatter.EnableBokehSettings:1      ; bokeh simulation when scattering]]
[2019.07.01-00.36.56:544][  0]LogConfig: Setting CVar [[r.DOF.Scatter.MaxSpriteRatio:0.1         ; only a maximum of 10% of scattered bokeh]]
[2019.07.01-00.36.56:544][  0]LogConfig: Setting CVar [[r.DOF.Recombine.Quality:1                ; cheap slight out of focus]]
[2019.07.01-00.36.56:544][  0]LogConfig: Setting CVar [[r.DOF.Recombine.EnableBokehSettings:0    ; no bokeh simulation on slight out of focus]]
[2019.07.01-00.36.56:544][  0]LogConfig: Setting CVar [[r.DOF.TemporalAAQuality:1                ; more stable temporal accumulation]]
[2019.07.01-00.36.56:544][  0]LogConfig: Setting CVar [[r.DOF.Kernel.MaxForegroundRadius:0.025]]
[2019.07.01-00.36.56:544][  0]LogConfig: Setting CVar [[r.DOF.Kernel.MaxBackgroundRadius:0.025]]
[2019.07.01-00.36.56:544][  0]LogConfig: Applying CVar settings from Section [TextureQuality@3] File [D:/Image Campus/Tercer año/Unreal Engine/UnrealEngine-CabinInTheWoods/CabinInTheWoods/Saved/Config/Windows/Scalability.ini]
[2019.07.01-00.36.56:544][  0]LogConfig: Setting CVar [[r.Streaming.MipBias:0]]
[2019.07.01-00.36.56:544][  0]LogConfig: Setting CVar [[r.Streaming.AmortizeCPUToGPUCopy:0]]
[2019.07.01-00.36.56:544][  0]LogConfig: Setting CVar [[r.Streaming.MaxNumTexturesToStreamPerFrame:0]]
[2019.07.01-00.36.56:544][  0]LogConfig: Setting CVar [[r.Streaming.Boost:1]]
[2019.07.01-00.36.56:544][  0]LogConfig: Setting CVar [[r.MaxAnisotropy:8]]
[2019.07.01-00.36.56:544][  0]LogConfig: Setting CVar [[r.Streaming.LimitPoolSizeToVRAM:0]]
[2019.07.01-00.36.56:544][  0]LogConfig: Setting CVar [[r.Streaming.PoolSize:1000]]
[2019.07.01-00.36.56:544][  0]LogConfig: Setting CVar [[r.Streaming.MaxEffectiveScreenSize:0]]
[2019.07.01-00.36.56:544][  0]LogConfig: Applying CVar settings from Section [EffectsQuality@3] File [D:/Image Campus/Tercer año/Unreal Engine/UnrealEngine-CabinInTheWoods/CabinInTheWoods/Saved/Config/Windows/Scalability.ini]
[2019.07.01-00.36.56:544][  0]LogConfig: Setting CVar [[r.TranslucencyLightingVolumeDim:64]]
[2019.07.01-00.36.56:544][  0]LogConfig: Setting CVar [[r.RefractionQuality:2]]
[2019.07.01-00.36.56:544][  0]LogConfig: Setting CVar [[r.SSR.Quality:3]]
[2019.07.01-00.36.56:544][  0]LogConfig: Setting CVar [[r.SceneColorFormat:4]]
[2019.07.01-00.36.56:544][  0]LogConfig: Setting CVar [[r.DetailMode:2]]
[2019.07.01-00.36.56:544][  0]LogConfig: Setting CVar [[r.TranslucencyVolumeBlur:1]]
[2019.07.01-00.36.56:544][  0]LogConfig: Setting CVar [[r.MaterialQualityLevel:1 ; High quality]]
[2019.07.01-00.36.56:544][  0]LogConfig: Setting CVar [[r.SSS.Scale:1]]
[2019.07.01-00.36.56:544][  0]LogConfig: Setting CVar [[r.SSS.SampleSet:2]]
[2019.07.01-00.36.56:544][  0]LogConfig: Setting CVar [[r.SSS.Quality:1]]
[2019.07.01-00.36.56:544][  0]LogConfig: Setting CVar [[r.SSS.HalfRes:1]]
[2019.07.01-00.36.56:545][  0]LogConfig: Setting CVar [[r.EmitterSpawnRateScale:1.0]]
[2019.07.01-00.36.56:545][  0]LogConfig: Setting CVar [[r.ParticleLightQuality:2]]
[2019.07.01-00.36.56:545][  0]LogConfig: Applying CVar settings from Section [FoliageQuality@3] File [D:/Image Campus/Tercer año/Unreal Engine/UnrealEngine-CabinInTheWoods/CabinInTheWoods/Saved/Config/Windows/Scalability.ini]
[2019.07.01-00.36.56:545][  0]LogConfig: Setting CVar [[foliage.DensityScale:1.0]]
[2019.07.01-00.36.56:545][  0]LogConfig: Setting CVar [[grass.DensityScale:1.0]]
[2019.07.01-00.36.56:545][  0]LogInit: Selected Device Profile: [Windows]
[2019.07.01-00.36.56:545][  0]LogInit: Applying CVar settings loaded from the selected device profile: [Windows]
[2019.07.01-00.36.56:610][  0]LogHAL: Display: Platform has ~ 8 GB [8534724608 / 8589934592 / 8], which maps to Default [LargestMinGB=32, LargerMinGB=12, DefaultMinGB=8, SmallerMinGB=6, SmallestMinGB=0)
[2019.07.01-00.36.56:610][  0]LogConfig: Setting CVar [[r.Vulkan.UseRealUBs:0		; Required until we fix HLR fall-out]]
[2019.07.01-00.36.56:610][  0]LogInit: Going up to parent DeviceProfile []
[2019.07.01-00.36.56:610][  0]LogConfig: Applying CVar settings from Section [ViewDistanceQuality@3] File [D:/Image Campus/Tercer año/Unreal Engine/UnrealEngine-CabinInTheWoods/CabinInTheWoods/Saved/Config/Windows/Scalability.ini]
[2019.07.01-00.36.56:611][  0]LogConfig: Setting CVar [[r.SkeletalMeshLODBias:0]]
[2019.07.01-00.36.56:611][  0]LogConfig: Setting CVar [[r.ViewDistanceScale:1.0]]
[2019.07.01-00.36.56:611][  0]LogConfig: Applying CVar settings from Section [AntiAliasingQuality@3] File [D:/Image Campus/Tercer año/Unreal Engine/UnrealEngine-CabinInTheWoods/CabinInTheWoods/Saved/Config/Windows/Scalability.ini]
[2019.07.01-00.36.56:611][  0]LogConfig: Setting CVar [[r.PostProcessAAQuality:4]]
[2019.07.01-00.36.56:611][  0]LogConfig: Applying CVar settings from Section [ShadowQuality@3] File [D:/Image Campus/Tercer año/Unreal Engine/UnrealEngine-CabinInTheWoods/CabinInTheWoods/Saved/Config/Windows/Scalability.ini]
[2019.07.01-00.36.56:611][  0]LogConfig: Setting CVar [[r.LightFunctionQuality:1]]
[2019.07.01-00.36.56:611][  0]LogConfig: Setting CVar [[r.ShadowQuality:5]]
[2019.07.01-00.36.56:611][  0]LogConfig: Setting CVar [[r.Shadow.CSM.MaxCascades:10]]
[2019.07.01-00.36.56:611][  0]LogConfig: Setting CVar [[r.Shadow.MaxResolution:2048]]
[2019.07.01-00.36.56:611][  0]LogConfig: Setting CVar [[r.Shadow.MaxCSMResolution:2048]]
[2019.07.01-00.36.56:611][  0]LogConfig: Setting CVar [[r.Shadow.RadiusThreshold:0.01]]
[2019.07.01-00.36.56:611][  0]LogConfig: Setting CVar [[r.Shadow.DistanceScale:1.0]]
[2019.07.01-00.36.56:611][  0]LogConfig: Setting CVar [[r.Shadow.CSM.TransitionScale:1.0]]
[2019.07.01-00.36.56:611][  0]LogConfig: Setting CVar [[r.Shadow.PreShadowResolutionFactor:1.0]]
[2019.07.01-00.36.56:611][  0]LogConfig: Setting CVar [[r.DistanceFieldShadowing:1]]
[2019.07.01-00.36.56:611][  0]LogConfig: Setting CVar [[r.DistanceFieldAO:1]]
[2019.07.01-00.36.56:611][  0]LogConfig: Setting CVar [[r.AOQuality:2]]
[2019.07.01-00.36.56:611][  0]LogConfig: Setting CVar [[r.VolumetricFog:1]]
[2019.07.01-00.36.56:611][  0]LogConfig: Setting CVar [[r.VolumetricFog.GridPixelSize:8]]
[2019.07.01-00.36.56:611][  0]LogConfig: Setting CVar [[r.VolumetricFog.GridSizeZ:128]]
[2019.07.01-00.36.56:611][  0]LogConfig: Setting CVar [[r.VolumetricFog.HistoryMissSupersampleCount:4]]
[2019.07.01-00.36.56:611][  0]LogConfig: Setting CVar [[r.LightMaxDrawDistanceScale:1]]
[2019.07.01-00.36.56:611][  0]LogConfig: Setting CVar [[r.CapsuleShadows:1]]
[2019.07.01-00.36.56:611][  0]LogConfig: Applying CVar settings from Section [PostProcessQuality@3] File [D:/Image Campus/Tercer año/Unreal Engine/UnrealEngine-CabinInTheWoods/CabinInTheWoods/Saved/Config/Windows/Scalability.ini]
[2019.07.01-00.36.56:612][  0]LogConfig: Setting CVar [[r.MotionBlurQuality:4]]
[2019.07.01-00.36.56:612][  0]LogConfig: Setting CVar [[r.AmbientOcclusionMipLevelFactor:0.4]]
[2019.07.01-00.36.56:612][  0]LogConfig: Setting CVar [[r.AmbientOcclusionMaxQuality:100]]
[2019.07.01-00.36.56:612][  0]LogConfig: Setting CVar [[r.AmbientOcclusionLevels:-1]]
[2019.07.01-00.36.56:612][  0]LogConfig: Setting CVar [[r.AmbientOcclusionRadiusScale:1.0]]
[2019.07.01-00.36.56:612][  0]LogConfig: Setting CVar [[r.DepthOfFieldQuality:2]]
[2019.07.01-00.36.56:612][  0]LogConfig: Setting CVar [[r.RenderTargetPoolMin:400]]
[2019.07.01-00.36.56:612][  0]LogConfig: Setting CVar [[r.LensFlareQuality:2]]
[2019.07.01-00.36.56:612][  0]LogConfig: Setting CVar [[r.SceneColorFringeQuality:1]]
[2019.07.01-00.36.56:612][  0]LogConfig: Setting CVar [[r.EyeAdaptationQuality:2]]
[2019.07.01-00.36.56:612][  0]LogConfig: Setting CVar [[r.BloomQuality:5]]
[2019.07.01-00.36.56:612][  0]LogConfig: Setting CVar [[r.FastBlurThreshold:100]]
[2019.07.01-00.36.56:612][  0]LogConfig: Setting CVar [[r.Upscale.Quality:3]]
[2019.07.01-00.36.56:612][  0]LogConfig: Setting CVar [[r.Tonemapper.GrainQuantization:1]]
[2019.07.01-00.36.56:612][  0]LogConfig: Setting CVar [[r.LightShaftQuality:1]]
[2019.07.01-00.36.56:612][  0]LogConfig: Setting CVar [[r.Filter.SizeScale:1]]
[2019.07.01-00.36.56:612][  0]LogConfig: Setting CVar [[r.Tonemapper.Quality:5]]
[2019.07.01-00.36.56:612][  0]LogConfig: Setting CVar [[r.DOF.Gather.AccumulatorQuality:1        ; higher gathering accumulator quality]]
[2019.07.01-00.36.56:612][  0]LogConfig: Setting CVar [[r.DOF.Gather.PostfilterMethod:1          ; Median3x3 postfilering method]]
[2019.07.01-00.36.56:612][  0]LogConfig: Setting CVar [[r.DOF.Gather.EnableBokehSettings:0       ; no bokeh simulation when gathering]]
[2019.07.01-00.36.56:612][  0]LogConfig: Setting CVar [[r.DOF.Gather.RingCount:4                 ; medium number of samples when gathering]]
[2019.07.01-00.36.56:612][  0]LogConfig: Setting CVar [[r.DOF.Scatter.ForegroundCompositing:1    ; additive foreground scattering]]
[2019.07.01-00.36.56:612][  0]LogConfig: Setting CVar [[r.DOF.Scatter.BackgroundCompositing:2    ; additive background scattering]]
[2019.07.01-00.36.56:612][  0]LogConfig: Setting CVar [[r.DOF.Scatter.EnableBokehSettings:1      ; bokeh simulation when scattering]]
[2019.07.01-00.36.56:613][  0]LogConfig: Setting CVar [[r.DOF.Scatter.MaxSpriteRatio:0.1         ; only a maximum of 10% of scattered bokeh]]
[2019.07.01-00.36.56:613][  0]LogConfig: Setting CVar [[r.DOF.Recombine.Quality:1                ; cheap slight out of focus]]
[2019.07.01-00.36.56:613][  0]LogConfig: Setting CVar [[r.DOF.Recombine.EnableBokehSettings:0    ; no bokeh simulation on slight out of focus]]
[2019.07.01-00.36.56:613][  0]LogConfig: Setting CVar [[r.DOF.TemporalAAQuality:1                ; more stable temporal accumulation]]
[2019.07.01-00.36.56:613][  0]LogConfig: Setting CVar [[r.DOF.Kernel.MaxForegroundRadius:0.025]]
[2019.07.01-00.36.56:613][  0]LogConfig: Setting CVar [[r.DOF.Kernel.MaxBackgroundRadius:0.025]]
[2019.07.01-00.36.56:613][  0]LogConfig: Applying CVar settings from Section [TextureQuality@3] File [D:/Image Campus/Tercer año/Unreal Engine/UnrealEngine-CabinInTheWoods/CabinInTheWoods/Saved/Config/Windows/Scalability.ini]
[2019.07.01-00.36.56:613][  0]LogConfig: Setting CVar [[r.Streaming.MipBias:0]]
[2019.07.01-00.36.56:613][  0]LogConfig: Setting CVar [[r.Streaming.AmortizeCPUToGPUCopy:0]]
[2019.07.01-00.36.56:613][  0]LogConfig: Setting CVar [[r.Streaming.MaxNumTexturesToStreamPerFrame:0]]
[2019.07.01-00.36.56:613][  0]LogConfig: Setting CVar [[r.Streaming.Boost:1]]
[2019.07.01-00.36.56:613][  0]LogConfig: Setting CVar [[r.MaxAnisotropy:8]]
[2019.07.01-00.36.56:613][  0]LogConfig: Setting CVar [[r.Streaming.LimitPoolSizeToVRAM:0]]
[2019.07.01-00.36.56:613][  0]LogConfig: Setting CVar [[r.Streaming.PoolSize:1000]]
[2019.07.01-00.36.56:613][  0]LogConfig: Setting CVar [[r.Streaming.MaxEffectiveScreenSize:0]]
[2019.07.01-00.36.56:613][  0]LogConfig: Applying CVar settings from Section [EffectsQuality@3] File [D:/Image Campus/Tercer año/Unreal Engine/UnrealEngine-CabinInTheWoods/CabinInTheWoods/Saved/Config/Windows/Scalability.ini]
[2019.07.01-00.36.56:613][  0]LogConfig: Setting CVar [[r.TranslucencyLightingVolumeDim:64]]
[2019.07.01-00.36.56:613][  0]LogConfig: Setting CVar [[r.RefractionQuality:2]]
[2019.07.01-00.36.56:613][  0]LogConfig: Setting CVar [[r.SSR.Quality:3]]
[2019.07.01-00.36.56:613][  0]LogConfig: Setting CVar [[r.SceneColorFormat:4]]
[2019.07.01-00.36.56:613][  0]LogConfig: Setting CVar [[r.DetailMode:2]]
[2019.07.01-00.36.56:613][  0]LogConfig: Setting CVar [[r.TranslucencyVolumeBlur:1]]
[2019.07.01-00.36.56:613][  0]LogConfig: Setting CVar [[r.MaterialQualityLevel:1 ; High quality]]
[2019.07.01-00.36.56:613][  0]LogConfig: Setting CVar [[r.SSS.Scale:1]]
[2019.07.01-00.36.56:613][  0]LogConfig: Setting CVar [[r.SSS.SampleSet:2]]
[2019.07.01-00.36.56:614][  0]LogConfig: Setting CVar [[r.SSS.Quality:1]]
[2019.07.01-00.36.56:614][  0]LogConfig: Setting CVar [[r.SSS.HalfRes:1]]
[2019.07.01-00.36.56:614][  0]LogConfig: Setting CVar [[r.EmitterSpawnRateScale:1.0]]
[2019.07.01-00.36.56:614][  0]LogConfig: Setting CVar [[r.ParticleLightQuality:2]]
[2019.07.01-00.36.56:614][  0]LogConfig: Applying CVar settings from Section [FoliageQuality@3] File [D:/Image Campus/Tercer año/Unreal Engine/UnrealEngine-CabinInTheWoods/CabinInTheWoods/Saved/Config/Windows/Scalability.ini]
[2019.07.01-00.36.56:614][  0]LogConfig: Setting CVar [[foliage.DensityScale:1.0]]
[2019.07.01-00.36.56:614][  0]LogConfig: Setting CVar [[grass.DensityScale:1.0]]
[2019.07.01-00.36.56:614][  0]LogConfig: Applying CVar settings from Section [Startup] File [../../../Engine/Config/ConsoleVariables.ini]
[2019.07.01-00.36.56:614][  0]LogConfig: Setting CVar [[net.UseAdaptiveNetUpdateFrequency:0]]
[2019.07.01-00.36.56:614][  0]LogConfig: Setting CVar [[p.chaos.AllowCreatePhysxBodies:1]]
[2019.07.01-00.36.56:615][  0]LogConfig: Applying CVar settings from Section [ConsoleVariables] File [D:/Image Campus/Tercer año/Unreal Engine/UnrealEngine-CabinInTheWoods/CabinInTheWoods/Saved/Config/Windows/Engine.ini]
[2019.07.01-00.36.56:615][  0]LogInit: Computer: DESKTOP-JDVOJNS
[2019.07.01-00.36.56:615][  0]LogInit: User: Aniluj
[2019.07.01-00.36.56:615][  0]LogInit: CPU Page size=4096, Cores=8
[2019.07.01-00.36.56:615][  0]LogInit: High frequency timer resolution =3.125047 MHz
[2019.07.01-00.36.56:616][  0]LogMemory: Memory total: Physical=7.9GB (8GB approx)
[2019.07.01-00.36.56:616][  0]LogMemory: Platform Memory Stats for Windows
[2019.07.01-00.36.56:616][  0]LogMemory: Process Physical Memory: 100.98 MB used, 100.98 MB peak
[2019.07.01-00.36.56:616][  0]LogMemory: Process Virtual Memory: 95.38 MB used, 95.38 MB peak
[2019.07.01-00.36.56:616][  0]LogMemory: Physical Memory: 5579.21 MB used,  2560.14 MB free, 8139.35 MB total
[2019.07.01-00.36.56:616][  0]LogMemory: Virtual Memory: 4693.88 MB used,  134213032.00 MB free, 134217728.00 MB total
[2019.07.01-00.36.56:648][  0]LogInit: Overriding language with editor language configuration option (en).
[2019.07.01-00.36.56:648][  0]LogInit: Overriding locale with editor culture configuration option ().
[2019.07.01-00.36.56:648][  0]LogInit: Using OS detected locale (es-ES).
[2019.07.01-00.36.56:849][  0]LogInit: Setting process to per monitor DPI aware
[2019.07.01-00.36.56:908][  0]LogSlate: New Slate User Created.  User Index 0, Is Virtual User: 0
[2019.07.01-00.36.56:908][  0]LogSlate: Slate User Registered.  User Index 0, Is Virtual User: 0
[2019.07.01-00.36.57:147][  0]LogHMD: Failed to initialize OpenVR with code 110
[2019.07.01-00.36.57:147][  0]LogD3D11RHI: D3D11 adapters:
[2019.07.01-00.36.57:248][  0]LogD3D11RHI:    0. 'NVIDIA GeForce GTX 1060 6GB' (Feature Level 11_0)
[2019.07.01-00.36.57:248][  0]LogD3D11RHI:       6052/0/4069 MB DedicatedVideo/DedicatedSystem/SharedSystem, Outputs:1, VendorId:0x10de
[2019.07.01-00.36.57:250][  0]LogD3D11RHI:    1. 'Microsoft Basic Render Driver' (Feature Level 11_0)
[2019.07.01-00.36.57:250][  0]LogD3D11RHI:       0/0/4069 MB DedicatedVideo/DedicatedSystem/SharedSystem, Outputs:0, VendorId:0x1414
[2019.07.01-00.36.57:250][  0]LogD3D11RHI: Chosen D3D11 Adapter: 0
[2019.07.01-00.36.57:262][  0]LogD3D11RHI: Creating new Direct3DDevice
[2019.07.01-00.36.57:262][  0]LogD3D11RHI:     GPU DeviceId: 0x1c03 (for the marketing name, search the web for "GPU Device Id")
[2019.07.01-00.36.57:262][  0]LogWindows: EnumDisplayDevices:
[2019.07.01-00.36.57:262][  0]LogWindows:    0. 'NVIDIA GeForce GTX 1060 6GB' (P:1 D:1)
[2019.07.01-00.36.57:262][  0]LogWindows:    1. 'NVIDIA GeForce GTX 1060 6GB' (P:0 D:0)
[2019.07.01-00.36.57:262][  0]LogWindows:    2. 'NVIDIA GeForce GTX 1060 6GB' (P:0 D:0)
[2019.07.01-00.36.57:263][  0]LogWindows:    3. 'NVIDIA GeForce GTX 1060 6GB' (P:0 D:0)
[2019.07.01-00.36.57:263][  0]LogWindows: DebugString: FoundDriverCount:4 
[2019.07.01-00.36.57:263][  0]LogD3D11RHI:     Adapter Name: NVIDIA GeForce GTX 1060 6GB
[2019.07.01-00.36.57:263][  0]LogD3D11RHI:   Driver Version: 417.22 (internal:25.21.14.1722, unified:417.22)
[2019.07.01-00.36.57:263][  0]LogD3D11RHI:      Driver Date: 11-29-2018
[2019.07.01-00.36.57:263][  0]LogRHI: Texture pool is 4236 MB (70% of 6052 MB)
[2019.07.01-00.36.57:332][  0]LogD3D11RHI: Async texture creation enabled
[2019.07.01-00.36.57:350][  0]LogRendererCore: FGlobalReadBuffer::InitRHI
[2019.07.01-00.36.57:350][  0]LogRendererCore: FGlobalReadBuffer::InitRHI
[2019.07.01-00.36.57:350][  0]LogRendererCore: FGlobalReadBuffer::InitRHI
[2019.07.01-00.36.57:365][  0]LogD3D11RHI: GPU Timing Frequency: 1000.000000 (Debug: 2 2)
[2019.07.01-00.36.57:804][  0]LogTemp: Display: Module 'AllDesktopTargetPlatform' loaded TargetPlatform 'AllDesktop'
[2019.07.01-00.36.57:821][  0]LogTemp: Display: Module 'MacClientTargetPlatform' loaded TargetPlatform 'MacClient'
[2019.07.01-00.36.57:837][  0]LogTemp: Display: Module 'MacNoEditorTargetPlatform' loaded TargetPlatform 'MacNoEditor'
[2019.07.01-00.36.57:852][  0]LogTemp: Display: Module 'MacServerTargetPlatform' loaded TargetPlatform 'MacServer'
[2019.07.01-00.36.57:867][  0]LogTemp: Display: Module 'MacTargetPlatform' loaded TargetPlatform 'Mac'
[2019.07.01-00.36.57:882][  0]LogTemp: Display: Module 'WindowsClientTargetPlatform' loaded TargetPlatform 'WindowsClient'
[2019.07.01-00.36.57:897][  0]LogTemp: Display: Module 'WindowsNoEditorTargetPlatform' loaded TargetPlatform 'WindowsNoEditor'
[2019.07.01-00.36.57:911][  0]LogTemp: Display: Module 'WindowsServerTargetPlatform' loaded TargetPlatform 'WindowsServer'
[2019.07.01-00.36.57:918][  0]LogTemp: Display: Module 'WindowsTargetPlatform' loaded TargetPlatform 'Windows'
[2019.07.01-00.36.58:013][  0]LogTemp: Display: Module 'AndroidTargetPlatform' loaded TargetPlatform 'Android'
[2019.07.01-00.36.58:013][  0]LogTemp: Display: Module 'AndroidTargetPlatform' loaded TargetPlatform 'Android_ASTC'
[2019.07.01-00.36.58:013][  0]LogTemp: Display: Module 'AndroidTargetPlatform' loaded TargetPlatform 'Android_ATC'
[2019.07.01-00.36.58:013][  0]LogTemp: Display: Module 'AndroidTargetPlatform' loaded TargetPlatform 'Android_DXT'
[2019.07.01-00.36.58:013][  0]LogTemp: Display: Module 'AndroidTargetPlatform' loaded TargetPlatform 'Android_ETC1'
[2019.07.01-00.36.58:013][  0]LogTemp: Display: Module 'AndroidTargetPlatform' loaded TargetPlatform 'Android_ETC1a'
[2019.07.01-00.36.58:013][  0]LogTemp: Display: Module 'AndroidTargetPlatform' loaded TargetPlatform 'Android_ETC2'
[2019.07.01-00.36.58:013][  0]LogTemp: Display: Module 'AndroidTargetPlatform' loaded TargetPlatform 'Android_PVRTC'
[2019.07.01-00.36.58:013][  0]LogTemp: Display: Module 'AndroidTargetPlatform' loaded TargetPlatform 'AndroidClient'
[2019.07.01-00.36.58:013][  0]LogTemp: Display: Module 'AndroidTargetPlatform' loaded TargetPlatform 'Android_ASTCClient'
[2019.07.01-00.36.58:013][  0]LogTemp: Display: Module 'AndroidTargetPlatform' loaded TargetPlatform 'Android_ATCClient'
[2019.07.01-00.36.58:013][  0]LogTemp: Display: Module 'AndroidTargetPlatform' loaded TargetPlatform 'Android_DXTClient'
[2019.07.01-00.36.58:013][  0]LogTemp: Display: Module 'AndroidTargetPlatform' loaded TargetPlatform 'Android_ETC1Client'
[2019.07.01-00.36.58:013][  0]LogTemp: Display: Module 'AndroidTargetPlatform' loaded TargetPlatform 'Android_ETC1aClient'
[2019.07.01-00.36.58:013][  0]LogTemp: Display: Module 'AndroidTargetPlatform' loaded TargetPlatform 'Android_ETC2Client'
[2019.07.01-00.36.58:013][  0]LogTemp: Display: Module 'AndroidTargetPlatform' loaded TargetPlatform 'Android_PVRTCClient'
[2019.07.01-00.36.58:013][  0]LogTemp: Display: Module 'AndroidTargetPlatform' loaded TargetPlatform 'Android_Multi'
[2019.07.01-00.36.58:013][  0]LogTemp: Display: Module 'AndroidTargetPlatform' loaded TargetPlatform 'Android_MultiClient'
[2019.07.01-00.36.58:015][  0]LogTemp: Display: Module 'HTML5TargetPlatform' loaded TargetPlatform 'HTML5'
[2019.07.01-00.36.58:084][  0]LogTemp: Display: Module 'IOSTargetPlatform' loaded TargetPlatform 'IOSClient'
[2019.07.01-00.36.58:084][  0]LogTemp: Display: Module 'IOSTargetPlatform' loaded TargetPlatform 'IOS'
[2019.07.01-00.36.58:126][  0]LogTemp: Display: Module 'TVOSTargetPlatform' loaded TargetPlatform 'TVOSClient'
[2019.07.01-00.36.58:126][  0]LogTemp: Display: Module 'TVOSTargetPlatform' loaded TargetPlatform 'TVOS'
[2019.07.01-00.36.58:148][  0]LogTemp: Display: Module 'LinuxClientTargetPlatform' loaded TargetPlatform 'LinuxClient'
[2019.07.01-00.36.58:182][  0]LogTemp: Display: Module 'LinuxNoEditorTargetPlatform' loaded TargetPlatform 'LinuxNoEditor'
[2019.07.01-00.36.58:198][  0]LogTemp: Display: Module 'LinuxServerTargetPlatform' loaded TargetPlatform 'LinuxServer'
[2019.07.01-00.36.58:212][  0]LogTemp: Display: Module 'LinuxTargetPlatform' loaded TargetPlatform 'Linux'
[2019.07.01-00.36.58:262][  0]LogTemp: Display: Module 'LuminTargetPlatform' loaded TargetPlatform 'Lumin'
[2019.07.01-00.36.58:262][  0]LogTemp: Display: Module 'LuminTargetPlatform' loaded TargetPlatform 'LuminClient'
[2019.07.01-00.36.58:263][  0]LogTargetPlatformManager: Display: Building Assets For Windows
[2019.07.01-00.36.58:270][  0]LogAudioDebug: Display: Lib vorbis DLL was dynamically loaded.
[2019.07.01-00.36.58:311][  0]LogShaderCompilers: Guid format shader working directory is -51 characters bigger than the processId version (../../../../../Image Campus/Tercer año/Unreal Engine/UnrealEngine-CabinInTheWoods/CabinInTheWoods/Intermediate/Shaders/WorkingDirectory/11840/).
[2019.07.01-00.36.58:311][  0]LogShaderCompilers: Cleaned the shader compiler working directory 'C:/Users/Aniluj/AppData/Local/Temp/UnrealShaderWorkingDir/20D365294D75F7252EE1B0955312EB65/'.
[2019.07.01-00.36.58:313][  0]LogXGEController: Cannot use XGE Controller as Incredibuild is not installed on this machine.
[2019.07.01-00.36.58:313][  0]LogShaderCompilers: Cannot use XGE Shader Compiler as Incredibuild is not installed on this machine.
[2019.07.01-00.36.58:313][  0]LogShaderCompilers: Display: Using Local Shader Compiler.
[2019.07.01-00.36.58:857][  0]LogDerivedDataCache: Display: Max Cache Size: 512 MB
[2019.07.01-00.36.58:956][  0]LogDerivedDataCache: Loaded boot cache 0.10s 71MB C:/Users/Aniluj/AppData/Local/UnrealEngine/4.22/DerivedDataCache/Boot.ddc.
[2019.07.01-00.36.58:956][  0]LogDerivedDataCache: Display: Loaded Boot cache: C:/Users/Aniluj/AppData/Local/UnrealEngine/4.22/DerivedDataCache/Boot.ddc
[2019.07.01-00.36.58:956][  0]LogDerivedDataCache: FDerivedDataBackendGraph:  Pak pak cache file ../../../../../Image Campus/Tercer año/Unreal Engine/UnrealEngine-CabinInTheWoods/CabinInTheWoods/DerivedDataCache/DDC.ddp not found, will not use a pak cache.
[2019.07.01-00.36.58:956][  0]LogDerivedDataCache: Unable to find inner node Pak for hierarchical cache Hierarchy.
[2019.07.01-00.36.58:956][  0]LogDerivedDataCache: FDerivedDataBackendGraph:  CompressedPak pak cache file ../../../../../Image Campus/Tercer año/Unreal Engine/UnrealEngine-CabinInTheWoods/CabinInTheWoods/DerivedDataCache/Compressed.ddp not found, will not use a pak cache.
[2019.07.01-00.36.58:956][  0]LogDerivedDataCache: Unable to find inner node CompressedPak for hierarchical cache Hierarchy.
[2019.07.01-00.36.58:969][  0]LogDerivedDataCache: Display: Pak cache opened for reading ../../../Engine/DerivedDataCache/Compressed.ddp.
[2019.07.01-00.36.58:969][  0]LogDerivedDataCache: FDerivedDataBackendGraph:  EnterprisePak pak cache file ../../../Enterprise/DerivedDataCache/Compressed.ddp not found, will not use a pak cache.
[2019.07.01-00.36.58:969][  0]LogDerivedDataCache: Unable to find inner node EnterprisePak for hierarchical cache Hierarchy.
[2019.07.01-00.36.58:982][  0]LogDerivedDataCache: Using Local data cache path C:/Users/Aniluj/AppData/Local/UnrealEngine/Common/DerivedDataCache: Writable
[2019.07.01-00.36.58:982][  0]LogDerivedDataCache: Shared data cache path not found in *engine.ini, will not use an Shared cache.
[2019.07.01-00.36.58:982][  0]LogDerivedDataCache: Unable to find inner node Shared for hierarchical cache Hierarchy.
[2019.07.01-00.36.59:020][  0]LogMaterial: Verifying Global Shaders for PCD3D_SM5
[2019.07.01-00.36.59:044][  0]LogSlate: Using FreeType 2.6.0
[2019.07.01-00.36.59:045][  0]LogSlate: SlateFontServices - WITH_FREETYPE: 1, WITH_HARFBUZZ: 1
[2019.07.01-00.36.59:176][  0]LogAssetRegistry: FAssetRegistry took 0.0367 seconds to start up
[2019.07.01-00.36.59:570][  0]LogInit: Selected Device Profile: [Windows]
[2019.07.01-00.36.59:697][  0]LogMeshReduction: Using QuadricMeshReduction for automatic static mesh reduction
[2019.07.01-00.36.59:697][  0]LogMeshReduction: Using SimplygonMeshReduction for automatic skeletal mesh reduction
[2019.07.01-00.36.59:697][  0]LogMeshReduction: Using ProxyLODMeshReduction for automatic mesh merging
[2019.07.01-00.36.59:697][  0]LogMeshReduction: No distributed automatic mesh merging module available
[2019.07.01-00.36.59:697][  0]LogMeshMerging: No distributed automatic mesh merging module available
[2019.07.01-00.36.59:712][  0]LogNetVersion: CabinInTheWoods 1.0.0, NetCL: 5660361, EngineNetVer: 10, GameNetVer: 0 (Checksum: 2418045963)
[2019.07.01-00.37.00:528][  0]LogPackageLocalizationCache: Processed 10 localized package path(s) for 1 prioritized culture(s) in 0.364425 seconds
[2019.07.01-00.37.00:535][  0]LogUObjectArray: 42205 objects as part of root set at end of initial load.
[2019.07.01-00.37.00:535][  0]LogUObjectAllocator: 7325032 out of 0 bytes used by permanent object pool.
[2019.07.01-00.37.00:535][  0]LogUObjectArray: CloseDisregardForGC: 0/0 objects in disregard for GC pool
[2019.07.01-00.37.01:398][  0]LogTcpMessaging: Initializing TcpMessaging bridge
[2019.07.01-00.37.01:415][  0]LogUdpMessaging: Initializing bridge on interface 0.0.0.0:0 to multicast group 230.0.0.1:6666.
[2019.07.01-00.37.01:547][  0]SourceControl: Source control is disabled
[2019.07.01-00.37.01:547][  0]SourceControl: Source control is disabled
[2019.07.01-00.37.01:548][  0]SourceControl: Source control is disabled
[2019.07.01-00.37.01:549][  0]SourceControl: Source control is disabled
[2019.07.01-00.37.01:636][  0]LogAndroidPermission: UAndroidPermissionCallbackProxy::GetInstance
[2019.07.01-00.37.01:830][  0]LogOcInput: OculusInput pre-init called
[2019.07.01-00.37.02:491][  0]LogEngine: Initializing Engine...
[2019.07.01-00.37.02:492][  0]LogHMD: Failed to initialize OpenVR with code 110
[2019.07.01-00.37.02:493][  0]LogStats: UGameplayTagsManager::InitializeManager -  0.000 s
[2019.07.01-00.37.02:740][  0]LogInit: Initializing FReadOnlyCVARCache
[2019.07.01-00.37.02:757][  0]LogAIModule: Creating AISystem for world Untitled
[2019.07.01-00.37.02:866][  0]LogInit: XAudio2 using 'Altavoces (Dispositivo de High Definition Audio)' : 2 channels at 48 kHz using 16 bits per sample (channel mask 0x3)
[2019.07.01-00.37.02:887][  0]LogInit: FAudioDevice initialized.
[2019.07.01-00.37.02:887][  0]LogNetVersion: Set ProjectVersion to 1.0.0.0. Version Checksum will be recalculated on next use.
[2019.07.01-00.37.02:998][  0]LogDerivedDataCache: Saved boot cache 0.11s 71MB C:/Users/Aniluj/AppData/Local/UnrealEngine/4.22/DerivedDataCache/Boot.ddc.
[2019.07.01-00.37.03:004][  0]LogInit: Texture streaming: Enabled
[2019.07.01-00.37.03:021][  0]LogEngineSessionManager: EngineSessionManager initialized
[2019.07.01-00.37.03:100][  0]LogInit: Transaction tracking system initialized
[2019.07.01-00.37.03:139][  0]BlueprintLog: New page: Editor Load
[2019.07.01-00.37.03:229][  0]LocalizationService: Localization service is disabled
[2019.07.01-00.37.03:948][  0]LogFileCache: Scanning file cache for directory 'D:/Image Campus/Tercer año/Unreal Engine/UnrealEngine-CabinInTheWoods/CabinInTheWoods/Content/' took 0.03s
[2019.07.01-00.37.03:948][  0]LogCook: Display: Max memory allowance for cook 16384mb min free memory 0mb
[2019.07.01-00.37.03:949][  0]LogCook: Display: Mobile HDR setting 1
[2019.07.01-00.37.04:158][  0]SourceControl: Source control is disabled
[2019.07.01-00.37.04:159][  0]LightingResults: New page: Lighting Build
[2019.07.01-00.37.04:163][  0]MapCheck: New page: Map Check
[2019.07.01-00.37.04:163][  0]LightingResults: New page: Lighting Build
[2019.07.01-00.37.04:213][  0]LogUObjectHash: Compacting FUObjectHashTables data took   1.75ms
[2019.07.01-00.37.08:819][  0]LogTexture: Display: Building textures: Texture2D_0 (BGRA8, 512X512)
[2019.07.01-00.37.08:819][  0]LogTexture: Display: Building textures: HQ_Lightmap1_14 (AutoDXT, 256X256)
[2019.07.01-00.37.08:819][  0]LogTexture: Display: Building textures: HQ_Lightmap1_8 (AutoDXT, 256X256)
[2019.07.01-00.37.08:819][  0]LogTexture: Display: Building textures: HQ_Lightmap1_15 (AutoDXT, 256X256)
[2019.07.01-00.37.08:819][  0]LogTexture: Display: Building textures: HQ_Lightmap1_2 (AutoDXT, 256X256)
[2019.07.01-00.37.08:819][  0]LogTexture: Display: Building textures: LQ_Lightmap_1_1 (DXT1, 256X256)
[2019.07.01-00.37.08:819][  0]LogTexture: Display: Building textures: LQ_Lightmap_1_10 (DXT1, 256X256)
[2019.07.01-00.37.08:819][  0]LogTexture: Display: Building textures: LQ_Lightmap_1_18 (DXT1, 256X256)
[2019.07.01-00.37.08:819][  0]LogTexture: Display: Building textures: LQ_Lightmap_1_16 (DXT1, 256X256)
[2019.07.01-00.37.08:819][  0]LogTexture: Display: Building textures: LQ_Lightmap_1_5 (DXT1, 256X256)
[2019.07.01-00.37.08:819][  0]LogTexture: Display: Building textures: SkyOcclusion1_17 (AutoDXT, 256X128)
[2019.07.01-00.37.08:819][  0]LogTexture: Display: Building textures: LQ_Lightmap_1_4 (DXT1, 256X256)
[2019.07.01-00.37.08:819][  0]LogTexture: Display: Building textures: SkyOcclusion1_10 (AutoDXT, 256X128)
[2019.07.01-00.37.08:819][  0]LogTexture: Display: Building textures: SkyOcclusion1_13 (AutoDXT, 256X128)
[2019.07.01-00.37.08:819][  0]LogTexture: Display: Building textures: SkyOcclusion1_9 (AutoDXT, 256X128)
[2019.07.01-00.37.08:819][  0]LogTexture: Display: Building textures: ShadowMapTexture2D_27 (G8, 256X64)
[2019.07.01-00.37.08:819][  0]LogTexture: Display: Building textures: ShadowMapTexture2D_28 (G8, 256X64)
[2019.07.01-00.37.09:501][  0]LogAIModule: Creating AISystem for world FirstPersonExampleMap
[2019.07.01-00.37.10:564][  0]LogEditorServer: Finished looking for orphan Actors (0.000 secs)
[2019.07.01-00.37.10:623][  0]LogUObjectHash: Compacting FUObjectHashTables data took   3.02ms
[2019.07.01-00.37.10:623][  0]Cmd: MAP CHECKDEP NOCLEARLOG
[2019.07.01-00.37.10:624][  0]MapCheck: Map check complete: 0 Error(s), 0 Warning(s), took 0,268ms to complete.
[2019.07.01-00.37.10:624][  0]LogFileHelpers: Loading map 'FirstPersonExampleMap' took 6.465
[2019.07.01-00.37.11:319][  0]LogSlate: Updating window title bar state: overlay mode, drag disabled, window buttons hidden, title bar hidden
[2019.07.01-00.37.11:337][  0]LogSlate: Updating window title bar state: overlay mode, drag disabled, window buttons hidden, title bar hidden
[2019.07.01-00.37.11:353][  0]LogSlate: Updating window title bar state: overlay mode, drag disabled, window buttons hidden, title bar hidden
[2019.07.01-00.37.11:369][  0]LogSlate: Updating window title bar state: overlay mode, drag disabled, window buttons hidden, title bar hidden
[2019.07.01-00.37.11:430][  0]LogCollectionManager: Loaded 0 collections in 0.002395 seconds
[2019.07.01-00.37.11:612][  0]LogFileCache: Scanning file cache for directory 'D:/Image Campus/Tercer año/Unreal Engine/UnrealEngine-CabinInTheWoods/CabinInTheWoods/Saved/Collections/' took 0.01s
[2019.07.01-00.37.11:612][  0]LogFileCache: Scanning file cache for directory 'D:/Image Campus/Tercer año/Unreal Engine/UnrealEngine-CabinInTheWoods/CabinInTheWoods/Content/Developers/Aniluj/Collections/' took 0.00s
[2019.07.01-00.37.11:612][  0]LogFileCache: Scanning file cache for directory 'D:/Image Campus/Tercer año/Unreal Engine/UnrealEngine-CabinInTheWoods/CabinInTheWoods/Content/Collections/' took 0.01s
[2019.07.01-00.37.11:612][  0]LogCollectionManager: Rebuilt the GUID cache for 0 collections in 0.000001 seconds
[2019.07.01-00.37.11:635][  0]LogContentBrowser: Native class hierarchy populated in 0.0213 seconds. Added 2732 classes and 659 folders.
[2019.07.01-00.37.11:761][  0]LogContentBrowser: Native class hierarchy updated for 'WidgetCarousel' in 0.0006 seconds. Added 0 classes and 0 folders.
[2019.07.01-00.37.11:851][  0]LogPakFile: Registered encryption key '00000000000000000000000000000000': 0 pak files mounted, 0 remain pending
[2019.07.01-00.37.11:911][  0]LogPakFile: Registered encryption key '00000000000000000000000000000000': 0 pak files mounted, 0 remain pending
[2019.07.01-00.37.11:930][  0]LogPakFile: Registered encryption key '00000000000000000000000000000000': 0 pak files mounted, 0 remain pending
[2019.07.01-00.37.11:939][  0]LogPakFile: Registered encryption key '00000000000000000000000000000000': 0 pak files mounted, 0 remain pending
[2019.07.01-00.37.11:966][  0]LogPakFile: Registered encryption key '00000000000000000000000000000000': 0 pak files mounted, 0 remain pending
[2019.07.01-00.37.11:975][  0]LogPakFile: Registered encryption key '00000000000000000000000000000000': 0 pak files mounted, 0 remain pending
[2019.07.01-00.37.11:983][  0]LogPakFile: Registered encryption key '00000000000000000000000000000000': 0 pak files mounted, 0 remain pending
[2019.07.01-00.37.12:000][  0]LogPakFile: Registered encryption key '00000000000000000000000000000000': 0 pak files mounted, 0 remain pending
[2019.07.01-00.37.12:019][  0]LogPakFile: Registered encryption key '00000000000000000000000000000000': 0 pak files mounted, 0 remain pending
[2019.07.01-00.37.12:027][  0]LogPakFile: Registered encryption key '00000000000000000000000000000000': 0 pak files mounted, 0 remain pending
[2019.07.01-00.37.12:036][  0]LogPakFile: Registered encryption key '00000000000000000000000000000000': 0 pak files mounted, 0 remain pending
[2019.07.01-00.37.12:044][  0]LogPakFile: Registered encryption key '00000000000000000000000000000000': 0 pak files mounted, 0 remain pending
[2019.07.01-00.37.12:050][  0]LogPakFile: Registered encryption key '00000000000000000000000000000000': 0 pak files mounted, 0 remain pending
[2019.07.01-00.37.12:056][  0]LogPakFile: Registered encryption key '00000000000000000000000000000000': 0 pak files mounted, 0 remain pending
[2019.07.01-00.37.12:063][  0]LogPakFile: Registered encryption key '00000000000000000000000000000000': 0 pak files mounted, 0 remain pending
[2019.07.01-00.37.12:068][  0]LogPakFile: Registered encryption key '00000000000000000000000000000000': 0 pak files mounted, 0 remain pending
[2019.07.01-00.37.12:073][  0]LogPakFile: Registered encryption key '00000000000000000000000000000000': 0 pak files mounted, 0 remain pending
[2019.07.01-00.37.12:089][  0]LogPakFile: Registered encryption key '00000000000000000000000000000000': 0 pak files mounted, 0 remain pending
[2019.07.01-00.37.12:104][  0]LogPakFile: Registered encryption key '00000000000000000000000000000000': 0 pak files mounted, 0 remain pending
[2019.07.01-00.37.12:115][  0]LogPakFile: Registered encryption key '00000000000000000000000000000000': 0 pak files mounted, 0 remain pending
[2019.07.01-00.37.12:130][  0]LogPakFile: Registered encryption key '00000000000000000000000000000000': 0 pak files mounted, 0 remain pending
[2019.07.01-00.37.12:146][  0]LogPakFile: Registered encryption key '00000000000000000000000000000000': 0 pak files mounted, 0 remain pending
[2019.07.01-00.37.12:160][  0]LogPakFile: Registered encryption key '00000000000000000000000000000000': 0 pak files mounted, 0 remain pending
[2019.07.01-00.37.12:171][  0]LogPakFile: Registered encryption key '00000000000000000000000000000000': 0 pak files mounted, 0 remain pending
[2019.07.01-00.37.12:217][  0]LogPakFile: Registered encryption key '00000000000000000000000000000000': 0 pak files mounted, 0 remain pending
[2019.07.01-00.37.12:226][  0]LogPakFile: Registered encryption key '00000000000000000000000000000000': 0 pak files mounted, 0 remain pending
[2019.07.01-00.37.12:819][  0]LogContentBrowser: Native class hierarchy updated for 'AddContentDialog' in 0.0003 seconds. Added 0 classes and 0 folders.
[2019.07.01-00.37.12:904][  0]LogContentBrowser: Native class hierarchy updated for 'SceneOutliner' in 0.0006 seconds. Added 1 classes and 2 folders.
[2019.07.01-00.37.13:431][  0]LogSlate: Took 0.000303 seconds to synchronously load lazily loaded font '../../../Engine/Content/Slate/Fonts/Roboto-Regular.ttf' (155K)
[2019.07.01-00.37.13:444][  0]LogSlate: Took 0.000272 seconds to synchronously load lazily loaded font '../../../Engine/Content/Slate/Fonts/Roboto-Bold.ttf' (160K)
[2019.07.01-00.37.13:533][  0]LogSlate: Took 0.036420 seconds to synchronously load lazily loaded font '../../../Engine/Content/Editor/Slate/Fonts/FontAwesome.ttf' (139K)
[2019.07.01-00.37.14:035][  0]LogRenderer: Reallocating scene render targets to support 960x508 Format 10 NumSamples 1 (Frame:1).
[2019.07.01-00.37.14:860][  0]LogContentBrowser: Native class hierarchy updated for 'HierarchicalLODOutliner' in 0.0006 seconds. Added 0 classes and 0 folders.
[2019.07.01-00.37.14:860][  0]LogLoad: (Engine Initialization) Total time: 22.84 seconds
[2019.07.01-00.37.14:860][  0]LogLoad: (Engine Initialization) Total Blueprint compile time: 0.00 seconds
[2019.07.01-00.37.14:882][  0]LogWindowsTextInputMethodSystem: Display: IME system now deactivated.
[2019.07.01-00.37.14:942][  0]LogAssetRegistry: Asset discovery search completed in 15.7887 seconds
[2019.07.01-00.37.14:945][  0]LogCollectionManager: Rebuilt the object cache for 0 collections in 0.000000 seconds (found 0 objects)
[2019.07.01-00.37.14:945][  0]LogCollectionManager: Fixed up redirectors for 0 collections in 0.000050 seconds (updated 0 objects)
[2019.07.01-00.37.14:972][  0]LogContentStreaming: Texture pool size now 1000 MB
[2019.07.01-00.37.15:176][  0]LogSlate: Took 0.014065 seconds to synchronously load lazily loaded font '../../../Engine/Content/Slate/Fonts/Roboto-Light.ttf' (167K)
[2019.07.01-00.42.05:955][147]LogSlate: FSceneViewport::OnFocusLost() reason 0
[2019.07.01-00.42.06:100][153]LogUObjectHash: Compacting FUObjectHashTables data took   1.35ms
[2019.07.01-00.42.06:511][153]LogSlate: Window 'CabinInTheWoods - Unreal Editor' being destroyed
[2019.07.01-00.42.06:553][153]LogWindowsTextInputMethodSystem: Display: IME system now deactivated.
[2019.07.01-00.42.07:686][154]Cmd: QUIT_EDITOR
[2019.07.01-00.42.08:668][154]LogExit: Preparing to exit.
[2019.07.01-00.42.11:062][154]LogExit: Editor shut down
[2019.07.01-00.42.11:063][154]LogExit: Transaction tracking system shut down
[2019.07.01-00.42.18:451][154]LogExit: Object subsystem successfully closed.
[2019.07.01-00.42.19:170][154]LogShaderCompilers: Display: Shaders left to compile 0
[2019.07.01-00.42.19:264][154]LogD3D11RHI: Shutdown
[2019.07.01-00.42.19:264][154]LogD3D11RHI: CleanupD3DDevice
[2019.07.01-00.42.19:465][154]LogRendererCore: FGlobalReadBuffer::ReleaseRHI
[2019.07.01-00.42.19:465][154]LogRendererCore: FGlobalDynamicReadBuffer::Cleanup()
[2019.07.01-00.42.19:473][154]LogRendererCore: FGlobalReadBuffer::ReleaseRHI
[2019.07.01-00.42.19:473][154]LogRendererCore: FGlobalDynamicReadBuffer::Cleanup()
[2019.07.01-00.42.19:473][154]LogRendererCore: FGlobalReadBuffer::ReleaseRHI
[2019.07.01-00.42.19:473][154]LogRendererCore: FGlobalDynamicReadBuffer::Cleanup()
[2019.07.01-00.42.19:616][154]LogD3D11RHI: ~FD3D11DynamicRHI
[2019.07.01-00.42.22:922][154]LogModuleManager: Shutting down and abandoning module HierarchicalLODOutliner (642)
[2019.07.01-00.42.22:922][154]LogModuleManager: Shutting down and abandoning module SceneOutliner (640)
[2019.07.01-00.42.22:922][154]LogModuleManager: Shutting down and abandoning module AddContentDialog (638)
[2019.07.01-00.42.22:944][154]LogModuleManager: Shutting down and abandoning module WidgetCarousel (637)
[2019.07.01-00.42.22:944][154]LogModuleManager: Shutting down and abandoning module EditorWidgets (634)
[2019.07.01-00.42.22:944][154]LogModuleManager: Shutting down and abandoning module CollectionManager (632)
[2019.07.01-00.42.22:966][154]LogModuleManager: Shutting down and abandoning module StatsViewer (630)
[2019.07.01-00.42.23:051][154]LogModuleManager: Shutting down and abandoning module FoliageEdit (628)
[2019.07.01-00.42.23:092][154]LogModuleManager: Shutting down and abandoning module LandscapeEditor (626)
[2019.07.01-00.42.23:201][154]LogModuleManager: Shutting down and abandoning module MeshPaintMode (624)
[2019.07.01-00.42.23:241][154]LogModuleManager: Shutting down and abandoning module SceneDepthPickerMode (622)
[2019.07.01-00.42.23:241][154]LogModuleManager: Shutting down and abandoning module ActorPickerMode (620)
[2019.07.01-00.42.23:241][154]LogModuleManager: Shutting down and abandoning module GeometryMode (618)
[2019.07.01-00.42.23:241][154]LogModuleManager: Shutting down and abandoning module TextureAlignMode (616)
[2019.07.01-00.42.23:241][154]LogModuleManager: Shutting down and abandoning module BspMode (614)
[2019.07.01-00.42.23:281][154]LogModuleManager: Shutting down and abandoning module PIEPreviewDeviceProfileSelector (612)
[2019.07.01-00.42.23:438][154]LogModuleManager: Shutting down and abandoning module SequenceRecorderSections (610)
[2019.07.01-00.42.23:459][154]LogModuleManager: Shutting down and abandoning module AutomationWorker (608)
[2019.07.01-00.42.23:483][154]LogModuleManager: Shutting down and abandoning module OculusMR (606)
[2019.07.01-00.42.23:483][154]LogModuleManager: Shutting down and abandoning module AudioCaptureEditor (604)
[2019.07.01-00.42.23:505][154]LogModuleManager: Shutting down and abandoning module MatineeToLevelSequence (602)
[2019.07.01-00.42.23:515][154]LogModuleManager: Shutting down and abandoning module LevelSequenceEditor (600)
[2019.07.01-00.42.23:635][154]LogModuleManager: Shutting down and abandoning module PlacementMode (599)
[2019.07.01-00.42.23:635][154]LogModuleManager: Shutting down and abandoning module MaterialEditor (598)
[2019.07.01-00.42.23:690][154]LogModuleManager: Shutting down and abandoning module ActorSequenceEditor (594)
[2019.07.01-00.42.23:702][154]LogModuleManager: Shutting down and abandoning module WmfMediaFactory (592)
[2019.07.01-00.42.23:702][154]LogModuleManager: Shutting down and abandoning module WmfMediaEditor (590)
[2019.07.01-00.42.23:702][154]LogModuleManager: Shutting down and abandoning module WebMMediaFactory (588)
[2019.07.01-00.42.23:702][154]LogModuleManager: Shutting down and abandoning module WebMMediaEditor (586)
[2019.07.01-00.42.23:702][154]LogModuleManager: Shutting down and abandoning module WebMMedia (584)
[2019.07.01-00.42.23:716][154]LogModuleManager: Shutting down and abandoning module MediaPlayerEditor (582)
[2019.07.01-00.42.23:757][154]LogModuleManager: Shutting down and abandoning module MediaCompositingEditor (580)
[2019.07.01-00.42.23:895][154]LogModuleManager: Shutting down and abandoning module SequenceRecorder (579)
[2019.07.01-00.42.23:895][154]LogModuleManager: Shutting down and abandoning module OpenExrWrapper (576)
[2019.07.01-00.42.23:895][154]LogModuleManager: Shutting down and abandoning module ImgMediaFactory (574)
[2019.07.01-00.42.23:895][154]LogModuleManager: Shutting down and abandoning module ImgMediaEditor (572)
[2019.07.01-00.42.23:895][154]LogModuleManager: Shutting down and abandoning module AvfMediaFactory (570)
[2019.07.01-00.42.23:896][154]LogModuleManager: Shutting down and abandoning module AvfMediaEditor (568)
[2019.07.01-00.42.23:896][154]LogModuleManager: Shutting down and abandoning module AndroidMediaFactory (566)
[2019.07.01-00.42.23:896][154]LogModuleManager: Shutting down and abandoning module AndroidMediaEditor (564)
[2019.07.01-00.42.23:896][154]LogModuleManager: Shutting down and abandoning module MagicLeapCameraPreviewFactory (562)
[2019.07.01-00.42.23:896][154]LogModuleManager: Shutting down and abandoning module MagicLeapMediaCodecFactory (560)
[2019.07.01-00.42.23:896][154]LogModuleManager: Shutting down and abandoning module MagicLeapMediaFactory (558)
[2019.07.01-00.42.23:896][154]LogModuleManager: Shutting down and abandoning module MagicLeapMediaEditor (556)
[2019.07.01-00.42.23:896][154]LogModuleManager: Shutting down and abandoning module CharacterAI (554)
[2019.07.01-00.42.23:896][154]LogModuleManager: Shutting down and abandoning module SmartSnapping (552)
[2019.07.01-00.42.23:896][154]LogModuleManager: Shutting down and abandoning module SessionServices (550)
[2019.07.01-00.42.23:896][154]LogModuleManager: Shutting down and abandoning module MeshPaint (548)
[2019.07.01-00.42.23:921][154]LogModuleManager: Shutting down and abandoning module ViewportSnapping (546)
[2019.07.01-00.42.23:921][154]LogModuleManager: Shutting down and abandoning module ViewportInteraction (544)
[2019.07.01-00.42.23:921][154]LogModuleManager: Shutting down and abandoning module ClothPainter (542)
[2019.07.01-00.42.23:970][154]LogModuleManager: Shutting down and abandoning module SkeletalMeshEditor (541)
[2019.07.01-00.42.24:097][154]LogModuleManager: Shutting down and abandoning module LogVisualizer (538)
[2019.07.01-00.42.24:140][154]LogModuleManager: Shutting down and abandoning module IntroTutorials (536)
[2019.07.01-00.42.24:206][154]LogModuleManager: Shutting down and abandoning module GameProjectGeneration (535)
[2019.07.01-00.42.24:272][154]LogModuleManager: Shutting down and abandoning module LuminPlatformEditor (532)
[2019.07.01-00.42.24:272][154]LogModuleManager: Shutting down and abandoning module IOSPlatformEditor (530)
[2019.07.01-00.42.24:272][154]LogModuleManager: Shutting down and abandoning module HTML5PlatformEditor (528)
[2019.07.01-00.42.24:272][154]LogModuleManager: Shutting down and abandoning module AndroidPlatformEditor (526)
[2019.07.01-00.42.24:312][154]LogModuleManager: Shutting down and abandoning module AndroidDeviceDetection (525)
[2019.07.01-00.42.24:560][154]LogModuleManager: Shutting down and abandoning module WindowsPlatformEditor (522)
[2019.07.01-00.42.24:560][154]LogModuleManager: Shutting down and abandoning module LuminRuntimeSettings (520)
[2019.07.01-00.42.24:560][154]LogModuleManager: Shutting down and abandoning module IOSRuntimeSettings (518)
[2019.07.01-00.42.24:560][154]LogModuleManager: Shutting down and abandoning module AndroidRuntimeSettings (516)
[2019.07.01-00.42.24:560][154]LogModuleManager: Shutting down and abandoning module TimeManagementEditor (514)
[2019.07.01-00.42.24:560][154]LogModuleManager: Shutting down and abandoning module InputBindingEditor (512)
[2019.07.01-00.42.24:590][154]LogModuleManager: Shutting down and abandoning module MergeActors (510)
[2019.07.01-00.42.24:662][154]LogModuleManager: Shutting down and abandoning module LocalizationDashboard (508)
[2019.07.01-00.42.24:683][154]LogModuleManager: Shutting down and abandoning module LocalizationService (507)
[2019.07.01-00.42.24:694][154]LogModuleManager: Shutting down and abandoning module HardwareTargeting (504)
[2019.07.01-00.42.24:694][154]LogModuleManager: Shutting down and abandoning module DeviceProfileEditor (502)
[2019.07.01-00.42.24:776][154]LogModuleManager: Shutting down and abandoning module UndoHistory (500)
[2019.07.01-00.42.24:829][154]LogModuleManager: Shutting down and abandoning module XmlParser (498)
[2019.07.01-00.42.24:840][154]LogModuleManager: Shutting down and abandoning module Blutility (496)
[2019.07.01-00.42.24:879][154]LogModuleManager: Shutting down and abandoning module ProjectSettingsViewer (494)
[2019.07.01-00.42.24:879][154]LogModuleManager: Shutting down and abandoning module ProjectTargetPlatformEditor (493)
[2019.07.01-00.42.24:879][154]LogModuleManager: Shutting down and abandoning module EditorSettingsViewer (490)
[2019.07.01-00.42.24:879][154]LogModuleManager: Shutting down and abandoning module SettingsEditor (488)
[2019.07.01-00.42.24:983][154]LogModuleManager: Shutting down and abandoning module ProjectLauncher (486)
[2019.07.01-00.42.24:993][154]LogModuleManager: Shutting down and abandoning module SessionFrontend (484)
[2019.07.01-00.42.24:999][154]LogModuleManager: Shutting down and abandoning module ProfilerClient (482)
[2019.07.01-00.42.25:004][154]LogModuleManager: Shutting down and abandoning module DeviceManager (480)
[2019.07.01-00.42.25:042][154]LogModuleManager: Shutting down and abandoning module TargetDeviceServices (479)
[2019.07.01-00.42.25:111][154]LogModuleManager: Shutting down and abandoning module AutomationController (476)
[2019.07.01-00.42.25:177][154]LogModuleManager: Shutting down and abandoning module AutomationWindow (474)
[2019.07.01-00.42.25:207][154]LogModuleManager: Shutting down and abandoning module Layers (472)
[2019.07.01-00.42.25:311][154]LogModuleManager: Shutting down and abandoning module ComponentVisualizers (470)
[2019.07.01-00.42.25:312][154]LogModuleManager: Shutting down and abandoning module DetailCustomizations (468)
[2019.07.01-00.42.25:325][154]LogModuleManager: Shutting down and abandoning module PackagesDialog (466)
[2019.07.01-00.42.25:353][154]LogModuleManager: Shutting down and abandoning module AnimationBlueprintEditor (464)
[2019.07.01-00.42.25:459][154]LogModuleManager: Shutting down and abandoning module Persona (462)
[2019.07.01-00.42.25:517][154]LogModuleManager: Shutting down and abandoning module AdvancedPreviewScene (461)
[2019.07.01-00.42.25:517][154]LogModuleManager: Shutting down and abandoning module AnimGraph (459)
[2019.07.01-00.42.25:517][154]LogModuleManager: Shutting down and abandoning module Kismet (456)
[2019.07.01-00.42.25:540][154]LogModuleManager: Shutting down and abandoning module GraphEditor (454)
[2019.07.01-00.42.25:574][154]LogModuleManager: Shutting down and abandoning module ClassViewer (452)
[2019.07.01-00.42.25:574][154]LogModuleManager: Shutting down and abandoning module Toolbox (450)
[2019.07.01-00.42.25:574][154]LogModuleManager: Shutting down and abandoning module ModuleUI (448)
[2019.07.01-00.42.25:603][154]LogModuleManager: Shutting down and abandoning module MovieSceneTools (446)
[2019.07.01-00.42.25:625][154]LogModuleManager: Shutting down and abandoning module OutputLog (444)
[2019.07.01-00.42.25:625][154]LogModuleManager: Shutting down and abandoning module GammaUI (442)
[2019.07.01-00.42.25:669][154]LogModuleManager: Shutting down and abandoning module Documentation (440)
[2019.07.01-00.42.25:669][154]LogModuleManager: Shutting down and abandoning module LiveCoding (438)
[2019.07.01-00.42.25:732][154]LogModuleManager: Shutting down and abandoning module LevelSequence (436)
[2019.07.01-00.42.25:732][154]LogModuleManager: Shutting down and abandoning module MovieSceneTracks (434)
[2019.07.01-00.42.25:732][154]LogModuleManager: Shutting down and abandoning module MovieScene (432)
[2019.07.01-00.42.25:769][154]LogModuleManager: Shutting down and abandoning module StreamingPauseRendering (430)
[2019.07.01-00.42.25:798][154]LogModuleManager: Shutting down and abandoning module LauncherPlatform (428)
[2019.07.01-00.42.25:798][154]LogModuleManager: Shutting down and abandoning module AnalyticsET (426)
[2019.07.01-00.42.25:798][154]LogModuleManager: Shutting down and abandoning module PortalServices (424)
[2019.07.01-00.42.25:798][154]LogModuleManager: Shutting down and abandoning module PortalRpc (422)
[2019.07.01-00.42.25:798][154]LogModuleManager: Shutting down and abandoning module MessagingRpc (420)
[2019.07.01-00.42.25:798][154]LogModuleManager: Shutting down and abandoning module AIModule (418)
[2019.07.01-00.42.25:867][154]LogModuleManager: Shutting down and abandoning module GameplayDebugger (417)
[2019.07.01-00.42.25:875][154]LogModuleManager: Shutting down and abandoning module AITestSuite (415)
[2019.07.01-00.42.25:885][154]LogModuleManager: Shutting down and abandoning module NavigationSystem (413)
[2019.07.01-00.42.25:885][154]LogModuleManager: Shutting down and abandoning module DesktopPlatform (410)
[2019.07.01-00.42.25:885][154]LogModuleManager: Shutting down and abandoning module ImageWriteQueue (408)
[2019.07.01-00.42.25:890][154]LogModuleManager: Shutting down and abandoning module ProfilerService (406)
[2019.07.01-00.42.25:915][154]LogModuleManager: Shutting down and abandoning module TaskGraph (404)
[2019.07.01-00.42.25:996][154]LogModuleManager: Shutting down and abandoning module SteamVRController (402)
[2019.07.01-00.42.25:996][154]LogModuleManager: Shutting down and abandoning module ProceduralMeshComponentEditor (400)
[2019.07.01-00.42.26:012][154]LogModuleManager: Shutting down and abandoning module ProceduralMeshComponent (398)
[2019.07.01-00.42.26:018][154]LogModuleManager: Shutting down and abandoning module OculusEditor (396)
[2019.07.01-00.42.26:086][154]LogModuleManager: Shutting down and abandoning module OculusInput (394)
[2019.07.01-00.42.26:086][154]LogModuleManager: Shutting down and abandoning module MobilePatchingUtils (392)
[2019.07.01-00.42.26:086][154]LogModuleManager: Shutting down and abandoning module EditableMesh (390)
[2019.07.01-00.42.26:132][154]LogModuleManager: Shutting down and abandoning module CustomMeshComponent (388)
[2019.07.01-00.42.26:132][154]LogModuleManager: Shutting down and abandoning module CableComponent (386)
[2019.07.01-00.42.26:149][154]LogModuleManager: Shutting down and abandoning module AudioCapture (384)
[2019.07.01-00.42.26:149][154]LogModuleManager: Shutting down and abandoning module ArchVisCharacter (382)
[2019.07.01-00.42.26:149][154]LogModuleManager: Shutting down and abandoning module AndroidPermission (380)
[2019.07.01-00.42.26:149][154]LogModuleManager: Shutting down and abandoning module NUTUnrealEngine4 (378)
[2019.07.01-00.42.26:181][154]LogModuleManager: Shutting down and abandoning module NetcodeUnitTest (376)
[2019.07.01-00.42.26:314][154]LogModuleManager: Shutting down and abandoning module MediaCompositing (374)
[2019.07.01-00.42.26:314][154]LogModuleManager: Shutting down and abandoning module LinearTimecode (372)
[2019.07.01-00.42.26:314][154]LogModuleManager: Shutting down and abandoning module ImgMedia (370)
[2019.07.01-00.42.26:456][154]LogModuleManager: Shutting down and abandoning module MagicLeapHelperVulkan (368)
[2019.07.01-00.42.26:456][154]LogModuleManager: Shutting down and abandoning module MagicLeapHelperOpenGL (366)
[2019.07.01-00.42.26:533][154]LogModuleManager: Shutting down and abandoning module MagicLeapAudio (364)
[2019.07.01-00.42.26:536][154]LogModuleManager: Shutting down and abandoning module HTML5Networking (362)
[2019.07.01-00.42.26:536][154]LogModuleManager: Shutting down and abandoning module GeometryCacheTracks (360)
[2019.07.01-00.42.26:536][154]LogModuleManager: Shutting down and abandoning module GeometryCacheSequencer (358)
[2019.07.01-00.42.26:536][154]LogModuleManager: Shutting down and abandoning module BackChannel (356)
[2019.07.01-00.42.26:549][154]LogModuleManager: Shutting down and abandoning module AppleVision (354)
[2019.07.01-00.42.26:549][154]LogModuleManager: Shutting down and abandoning module AppleImageUtilsBlueprintSupport (352)
[2019.07.01-00.42.26:549][154]LogModuleManager: Shutting down and abandoning module AppleImageUtils (350)
[2019.07.01-00.42.26:549][154]LogModuleManager: Shutting down and abandoning module AlembicImporter (348)
[2019.07.01-00.42.26:549][154]LogModuleManager: Shutting down and abandoning module AlembicLibrary (347)
[2019.07.01-00.42.26:549][154]LogModuleManager: Shutting down and abandoning module GeometryCache (346)
[2019.07.01-00.42.26:549][154]LogModuleManager: Shutting down and abandoning module GeometryCacheEd (345)
[2019.07.01-00.42.26:549][154]LogModuleManager: Shutting down and abandoning module VariantManagerContent (340)
[2019.07.01-00.42.26:554][154]LogModuleManager: Shutting down and abandoning module DatasmithContentEditor (338)
[2019.07.01-00.42.26:591][154]LogModuleManager: Shutting down and abandoning module SpeedTreeImporter (336)
[2019.07.01-00.42.26:591][154]LogModuleManager: Shutting down and abandoning module PluginBrowser (334)
[2019.07.01-00.42.26:648][154]LogModuleManager: Shutting down and abandoning module MobileLauncherProfileWizard (332)
[2019.07.01-00.42.26:668][154]LogModuleManager: Shutting down and abandoning module MaterialAnalyzer (330)
[2019.07.01-00.42.26:669][154]LogModuleManager: Shutting down and abandoning module CryptoKeysOpenSSL (328)
[2019.07.01-00.42.26:669][154]LogModuleManager: Shutting down and abandoning module CryptoKeys (326)
[2019.07.01-00.42.26:669][154]LogModuleManager: Shutting down and abandoning module VisualStudioSourceCodeAccess (324)
[2019.07.01-00.42.26:678][154]LogModuleManager: Shutting down and abandoning module VisualStudioCodeSourceCodeAccess (322)
[2019.07.01-00.42.26:679][154]LogModuleManager: Shutting down and abandoning module UObjectPlugin (320)
[2019.07.01-00.42.26:679][154]LogModuleManager: Shutting down and abandoning module SubversionSourceControl (318)
[2019.07.01-00.42.26:705][154]LogModuleManager: Shutting down and abandoning module PerforceSourceControl (316)
[2019.07.01-00.42.26:812][154]LogModuleManager: Shutting down and abandoning module GitSourceControl (314)
[2019.07.01-00.42.26:846][154]LogModuleManager: Shutting down and abandoning module SourceControl (313)
[2019.07.01-00.42.26:867][154]LogModuleManager: Shutting down and abandoning module CLionSourceCodeAccess (310)
[2019.07.01-00.42.26:867][154]LogModuleManager: Shutting down and abandoning module AnimationSharingEd (308)
[2019.07.01-00.42.26:867][154]LogModuleManager: Shutting down and abandoning module ActorLayerUtilitiesEditor (306)
[2019.07.01-00.42.26:867][154]LogModuleManager: Shutting down and abandoning module ActorLayerUtilities (304)
[2019.07.01-00.42.26:867][154]LogModuleManager: Shutting down and abandoning module LightPropagationVolumeEditor (302)
[2019.07.01-00.42.26:867][154]LogModuleManager: Shutting down and abandoning module PaperTiledImporter (300)
[2019.07.01-00.42.26:867][154]LogModuleManager: Shutting down and abandoning module PaperSpriteSheetImporter (298)
[2019.07.01-00.42.26:886][154]LogModuleManager: Shutting down and abandoning module Paper2DEditor (296)
[2019.07.01-00.42.26:935][154]LogModuleManager: Shutting down and abandoning module SignificanceManager (294)
[2019.07.01-00.42.26:935][154]LogModuleManager: Shutting down and abandoning module RuntimePhysXCooking (292)
[2019.07.01-00.42.26:935][154]LogModuleManager: Shutting down and abandoning module PhysXVehiclesEditor (290)
[2019.07.01-00.42.26:935][154]LogModuleManager: Shutting down and abandoning module PhysXVehicles (288)
[2019.07.01-00.42.26:935][154]LogModuleManager: Shutting down and abandoning module LocationServicesBPLibrary (286)
[2019.07.01-00.42.26:935][154]LogModuleManager: Shutting down and abandoning module ActorSequence (284)
[2019.07.01-00.42.26:936][154]LogModuleManager: Shutting down and abandoning module UdpMessaging (282)
[2019.07.01-00.42.27:036][154]LogModuleManager: Shutting down and abandoning module TcpMessaging (280)
[2019.07.01-00.42.27:176][154]LogModuleManager: Shutting down and abandoning module MagicLeapIdentity (278)
[2019.07.01-00.42.27:177][154]LogModuleManager: Shutting down and abandoning module MagicLeapSecureStorage (276)
[2019.07.01-00.42.27:177][154]LogModuleManager: Shutting down and abandoning module MagicLeapHandTracking (274)
[2019.07.01-00.42.27:215][154]LogModuleManager: Shutting down and abandoning module MagicLeapEyeTracker (272)
[2019.07.01-00.42.27:215][154]LogModuleManager: Shutting down and abandoning module MagicLeapController (270)
[2019.07.01-00.42.27:222][154]LogSlate: Slate User Destroyed.  User Index 0, Is Virtual User: 0
[2019.07.01-00.42.27:222][154]LogModuleManager: Shutting down and abandoning module MagicLeapAR (268)
[2019.07.01-00.42.27:222][154]LogModuleManager: Shutting down and abandoning module AugmentedReality (267)
[2019.07.01-00.42.27:222][154]LogModuleManager: Shutting down and abandoning module GameplayTagsEditor (264)
[2019.07.01-00.42.27:262][154]LogModuleManager: Shutting down and abandoning module FacialAnimationEditor (262)
[2019.07.01-00.42.27:277][154]LogModuleManager: Shutting down and abandoning module FacialAnimation (260)
[2019.07.01-00.42.27:277][154]LogModuleManager: Shutting down and abandoning module DataValidation (258)
[2019.07.01-00.42.27:277][154]LogModuleManager: Shutting down and abandoning module AssetManagerEditor (256)
[2019.07.01-00.42.27:362][154]LogModuleManager: Shutting down and abandoning module LevelEditor (255)
[2019.07.01-00.42.27:391][154]LogModuleManager: Shutting down and abandoning module PixelInspectorModule (254)
[2019.07.01-00.42.27:410][154]LogModuleManager: Shutting down and abandoning module CommonMenuExtensions (252)
[2019.07.01-00.42.27:411][154]LogModuleManager: Shutting down and abandoning module MainFrame (250)
[2019.07.01-00.42.27:411][154]LogModuleManager: Shutting down and abandoning module HotReload (249)
[2019.07.01-00.42.27:480][154]LogModuleManager: Shutting down and abandoning module ContentBrowser (245)
[2019.07.01-00.42.27:499][154]LogModuleManager: Shutting down and abandoning module TreeMap (243)
[2019.07.01-00.42.27:547][154]LogModuleManager: Shutting down and abandoning module AnimationSharing (240)
[2019.07.01-00.42.27:547][154]LogModuleManager: Shutting down and abandoning module LightPropagationVolumeRuntime (238)
[2019.07.01-00.42.27:547][154]LogModuleManager: Shutting down and abandoning module AISupportModule (236)
[2019.07.01-00.42.27:547][154]LogModuleManager: Shutting down and abandoning module Paper2D (234)
[2019.07.01-00.42.27:593][154]LogModuleManager: Shutting down and abandoning module WindowsMoviePlayer (232)
[2019.07.01-00.42.27:615][154]LogModuleManager: Shutting down and abandoning module WebMMoviePlayer (230)
[2019.07.01-00.42.27:641][154]LogModuleManager: Shutting down and abandoning module PacketHandler (228)
[2019.07.01-00.42.27:651][154]LogModuleManager: Shutting down and abandoning module ClothingSystemEditor (226)
[2019.07.01-00.42.27:651][154]LogModuleManager: Shutting down and abandoning module ClothingSystemRuntime (224)
[2019.07.01-00.42.27:717][154]LogModuleManager: Shutting down and abandoning module MediaAssets (222)
[2019.07.01-00.42.27:744][154]LogModuleManager: Shutting down and abandoning module Overlay (220)
[2019.07.01-00.42.27:744][154]LogModuleManager: Shutting down and abandoning module OverlayEditor (219)
[2019.07.01-00.42.27:744][154]LogModuleManager: Shutting down and abandoning module VREditor (216)
[2019.07.01-00.42.27:764][154]LogModuleManager: Shutting down and abandoning module StringTableEditor (214)
[2019.07.01-00.42.27:774][154]LogModuleManager: Shutting down and abandoning module GameplayTasksEditor (212)
[2019.07.01-00.42.27:774][154]LogModuleManager: Shutting down and abandoning module BehaviorTreeEditor (210)
[2019.07.01-00.42.27:894][154]LogModuleManager: Shutting down and abandoning module FunctionalTesting (208)
[2019.07.01-00.42.27:945][154]LogModuleManager: Shutting down and abandoning module CollisionAnalyzer (206)
[2019.07.01-00.42.27:979][154]LogModuleManager: Shutting down and abandoning module WorkspaceMenuStructure (205)
[2019.07.01-00.42.27:997][154]LogModuleManager: Shutting down and abandoning module UMG (202)
[2019.07.01-00.42.28:024][154]LogModuleManager: Shutting down and abandoning module UMGEditor (201)
[2019.07.01-00.42.28:084][154]LogModuleManager: Shutting down and abandoning module Sequencer (200)
[2019.07.01-00.42.28:305][154]LogModuleManager: Shutting down and abandoning module MessageLog (197)
[2019.07.01-00.42.28:305][154]LogModuleManager: Shutting down and abandoning module SlateReflector (192)
[2019.07.01-00.42.28:361][154]LogModuleManager: Shutting down and abandoning module Slate (190)
[2019.07.01-00.42.28:361][154]LogModuleManager: Shutting down and abandoning module EditorStyle (188)
[2019.07.01-00.42.28:364][154]LogModuleManager: Shutting down and abandoning module UnrealEd (186)
[2019.07.01-00.42.28:394][154]LogModuleManager: Shutting down and abandoning module MRMesh (184)
[2019.07.01-00.42.28:394][154]LogModuleManager: Shutting down and abandoning module SourceCodeAccess (182)
[2019.07.01-00.42.28:394][154]LogModuleManager: Shutting down and abandoning module HeadMountedDisplay (180)
[2019.07.01-00.42.28:408][154]LogModuleManager: Shutting down and abandoning module XAudio2 (178)
[2019.07.01-00.42.28:408][154]LogModuleManager: Shutting down and abandoning module Networking (176)
[2019.07.01-00.42.28:408][154]LogModuleManager: Shutting down and abandoning module Core (174)
[2019.07.01-00.42.28:408][154]LogModuleManager: Shutting down and abandoning module KismetCompiler (172)
[2019.07.01-00.42.28:408][154]LogModuleManager: Shutting down and abandoning module MeshUtilities (170)
[2019.07.01-00.42.28:408][154]LogModuleManager: Shutting down and abandoning module MeshMergeUtilities (169)
[2019.07.01-00.42.28:514][154]LogModuleManager: Shutting down and abandoning module MeshReductionInterface (168)
[2019.07.01-00.42.28:515][154]LogModuleManager: Shutting down and abandoning module SkeletalMeshReduction (167)
[2019.07.01-00.42.28:523][154]LogModuleManager: Shutting down and abandoning module ProxyLODMeshReduction (165)
[2019.07.01-00.42.28:537][154]LogModuleManager: Shutting down and abandoning module QuadricMeshReduction (163)
[2019.07.01-00.42.28:553][154]LogModuleManager: Shutting down and abandoning module MaterialBaking (159)
[2019.07.01-00.42.28:593][154]LogModuleManager: Shutting down and abandoning module DerivedDataCache (154)
[2019.07.01-00.42.28:610][154]LogDerivedDataCache: Shutdown
[2019.07.01-00.42.28:610][154]LogModuleManager: Shutting down and abandoning module XGEController (152)
[2019.07.01-00.42.28:647][154]LogModuleManager: Shutting down and abandoning module TargetPlatform (150)
[2019.07.01-00.42.28:697][154]LogModuleManager: Shutting down and abandoning module VulkanShaderFormat (149)
[2019.07.01-00.42.28:723][154]LogModuleManager: Shutting down and abandoning module ShaderFormatVectorVM (147)
[2019.07.01-00.42.28:831][154]LogModuleManager: Shutting down and abandoning module ShaderFormatOpenGL (145)
[2019.07.01-00.42.28:861][154]LogModuleManager: Shutting down and abandoning module ShaderFormatD3D (143)
[2019.07.01-00.42.28:961][154]LogModuleManager: Shutting down and abandoning module MetalShaderFormat (141)
[2019.07.01-00.42.28:976][154]LogModuleManager: Shutting down and abandoning module TextureFormatUncompressed (139)
[2019.07.01-00.42.28:976][154]LogModuleManager: Shutting down and abandoning module TextureFormatPVR (137)
[2019.07.01-00.42.28:976][154]LogModuleManager: Shutting down and abandoning module TextureFormatDXT (135)
[2019.07.01-00.42.28:977][154]LogModuleManager: Shutting down and abandoning module TextureFormatIntelISPCTexComp (133)
[2019.07.01-00.42.28:991][154]LogModuleManager: Shutting down and abandoning module TextureFormatASTC (131)
[2019.07.01-00.42.28:991][154]LogModuleManager: Shutting down and abandoning module ImageWrapper (130)
[2019.07.01-00.42.28:991][154]LogModuleManager: Shutting down and abandoning module TextureFormatAndroid (127)
[2019.07.01-00.42.28:991][154]LogModuleManager: Shutting down and abandoning module AudioFormatOpus (125)
[2019.07.01-00.42.29:022][154]LogModuleManager: Shutting down and abandoning module AudioFormatOgg (123)
[2019.07.01-00.42.29:022][154]LogModuleManager: Shutting down and abandoning module AudioFormatADPCM (121)
[2019.07.01-00.42.29:051][154]LogModuleManager: Shutting down and abandoning module LuminTargetPlatform (119)
[2019.07.01-00.42.29:076][154]LogModuleManager: Shutting down and abandoning module LinuxTargetPlatform (117)
[2019.07.01-00.42.29:076][154]LogModuleManager: Shutting down and abandoning module LinuxServerTargetPlatform (115)
[2019.07.01-00.42.29:095][154]LogModuleManager: Shutting down and abandoning module LinuxNoEditorTargetPlatform (113)
[2019.07.01-00.42.29:118][154]LogModuleManager: Shutting down and abandoning module LinuxClientTargetPlatform (111)
[2019.07.01-00.42.29:176][154]LogModuleManager: Shutting down and abandoning module TVOSTargetPlatform (109)
[2019.07.01-00.42.29:177][154]LogModuleManager: Shutting down and abandoning module Messaging (107)
[2019.07.01-00.42.29:177][154]LogModuleManager: Shutting down and abandoning module IOSTargetPlatform (105)
[2019.07.01-00.42.29:178][154]LogModuleManager: Shutting down and abandoning module HTML5TargetPlatform (103)
[2019.07.01-00.42.29:178][154]LogModuleManager: Shutting down and abandoning module AndroidTargetPlatform (101)
[2019.07.01-00.42.29:186][154]LogModuleManager: Shutting down and abandoning module WindowsTargetPlatform (99)
[2019.07.01-00.42.29:186][154]LogModuleManager: Shutting down and abandoning module WindowsServerTargetPlatform (97)
[2019.07.01-00.42.29:186][154]LogModuleManager: Shutting down and abandoning module WindowsNoEditorTargetPlatform (95)
[2019.07.01-00.42.29:186][154]LogModuleManager: Shutting down and abandoning module WindowsClientTargetPlatform (93)
[2019.07.01-00.42.29:186][154]LogModuleManager: Shutting down and abandoning module MacTargetPlatform (91)
[2019.07.01-00.42.29:186][154]LogModuleManager: Shutting down and abandoning module MacServerTargetPlatform (89)
[2019.07.01-00.42.29:186][154]LogModuleManager: Shutting down and abandoning module MacNoEditorTargetPlatform (87)
[2019.07.01-00.42.29:186][154]LogModuleManager: Shutting down and abandoning module MacClientTargetPlatform (85)
[2019.07.01-00.42.29:186][154]LogModuleManager: Shutting down and abandoning module AllDesktopTargetPlatform (83)
[2019.07.01-00.42.29:186][154]LogModuleManager: Shutting down and abandoning module InputCore (80)
[2019.07.01-00.42.29:186][154]LogModuleManager: Shutting down and abandoning module Settings (78)
[2019.07.01-00.42.29:186][154]LogModuleManager: Shutting down and abandoning module DirectoryWatcher (76)
[2019.07.01-00.42.29:187][154]LogModuleManager: Shutting down and abandoning module PhysXCooking (74)
[2019.07.01-00.42.29:187][154]LogModuleManager: Shutting down and abandoning module SteamVR (72)
[2019.07.01-00.42.29:218][154]LogHMD: Freeing OpenVRDLLHandle.
[2019.07.01-00.42.29:226][154]LogModuleManager: Shutting down and abandoning module OculusHMD (70)
[2019.07.01-00.42.29:245][154]LogModuleManager: Shutting down and abandoning module ExampleDeviceProfileSelector (68)
[2019.07.01-00.42.29:245][154]LogModuleManager: Shutting down and abandoning module LauncherChunkInstaller (66)
[2019.07.01-00.42.29:245][154]LogModuleManager: Shutting down and abandoning module OnlineBlueprintSupport (64)
[2019.07.01-00.42.29:245][154]LogModuleManager: Shutting down and abandoning module OnlineSubsystem (60)
[2019.07.01-00.42.29:327][154]LogModuleManager: Shutting down and abandoning module XMPP (55)
[2019.07.01-00.42.29:350][154]LogModuleManager: Shutting down and abandoning module WebSockets (54)
[2019.07.01-00.42.29:464][154]LogModuleManager: Shutting down and abandoning module HTTP (51)
[2019.07.01-00.42.29:464][154]LogHttp: Display: Http module shutting down, but needs to wait on 1 outstanding Http requests:
[2019.07.01-00.42.29:464][154]LogHttp: Display: 	verb=[POST] url=[https://datarouter.ol.epicgames.com/datarouter/api/v1/public/data?SessionID=%7B29284B1A-4B44-FDDE-9530-3EB7F5E38A2A%7D&AppID=UEEditor.Rocket.Release&AppVersion=4.22.1-6063286%2B%2B%2BUE4%2BRelease-4.22&UserID=1f85d07041a869031be7318fdc65fc76%7Cff31ec1e0ecb412c94bda4491a24fd99%7C428c815e-55be-414e-a702-7c056780f4fb&AppEnvironment=datacollector-binary&UploadType=eteventstream] status=Processing
[2019.07.01-00.42.29:488][154]LogModuleManager: Shutting down and abandoning module SSL (50)
[2019.07.01-00.42.29:491][154]LogModuleManager: Shutting down and abandoning module WmfMedia (46)
[2019.07.01-00.42.29:539][154]LogModuleManager: Shutting down and abandoning module Media (45)
[2019.07.01-00.42.29:546][154]LogModuleManager: Shutting down and abandoning module MagicLeap (42)
[2019.07.01-00.42.29:557][154]LogModuleManager: Shutting down and abandoning module DatasmithContent (40)
[2019.07.01-00.42.29:558][154]LogModuleManager: Shutting down and abandoning module AnimationModifiers (38)
[2019.07.01-00.42.29:721][154]LogModuleManager: Shutting down and abandoning module PropertyEditor (37)
[2019.07.01-00.42.29:831][154]LogModuleManager: Shutting down and abandoning module AudioEditor (34)
[2019.07.01-00.42.29:854][154]LogModuleManager: Shutting down and abandoning module TextureCompressor (32)
[2019.07.01-00.42.29:854][154]LogModuleManager: Shutting down and abandoning module RenderCore (30)
[2019.07.01-00.42.29:854][154]LogModuleManager: Shutting down and abandoning module Landscape (28)
[2019.07.01-00.42.29:854][154]LogModuleManager: Shutting down and abandoning module SlateRHIRenderer (26)
[2019.07.01-00.42.29:974][154]LogModuleManager: Shutting down and abandoning module OpenGLDrv (24)
[2019.07.01-00.42.30:043][154]LogModuleManager: Shutting down and abandoning module D3D11RHI (22)
[2019.07.01-00.42.30:043][154]LogModuleManager: Shutting down and abandoning module AnimGraphRuntime (20)
[2019.07.01-00.42.30:043][154]LogModuleManager: Shutting down and abandoning module Renderer (18)
[2019.07.01-00.42.30:072][154]LogModuleManager: Shutting down and abandoning module Engine (16)
[2019.07.01-00.42.30:072][154]LogModuleManager: Shutting down and abandoning module CoreUObject (14)
[2019.07.01-00.42.30:072][154]LogModuleManager: Shutting down and abandoning module NetworkFile (12)
[2019.07.01-00.42.30:092][154]LogModuleManager: Shutting down and abandoning module CookedIterativeFile (10)
[2019.07.01-00.42.30:092][154]LogModuleManager: Shutting down and abandoning module StreamingFile (8)
[2019.07.01-00.42.30:108][154]LogModuleManager: Shutting down and abandoning module SandboxFile (6)
[2019.07.01-00.42.30:108][154]LogModuleManager: Shutting down and abandoning module PakFile (4)
[2019.07.01-00.42.30:124][154]LogModuleManager: Shutting down and abandoning module RSA (3)
[2019.07.01-00.42.30:278][154]LogExit: Exiting.
[2019.07.01-00.42.30:290][154]Log file closed, 06/30/19 21:42:30
